Log file open, 11/04/20 19:40:11
LogInit: Display: Running engine for game: Gamedesign3
LogPlatformFile: Not using cached read wrapper
LogTaskGraph: Started task graph with 5 named threads and 47 total threads with 3 sets of task threads.
LogStats: Stats thread started at 0.162718
LogD3D11RHI: Loaded GFSDK_Aftermath_Lib.x64.dll
LogICUInternationalization: ICU TimeZone Detection - Raw Offset: +1:00, Platform Override: ''
LogPluginManager: Mounting plugin Paper2D
LogPluginManager: Mounting plugin AISupport
LogPluginManager: Mounting plugin LightPropagationVolume
LogPluginManager: Mounting plugin CameraShakePreviewer
LogPluginManager: Mounting plugin ActorLayerUtilities
LogPluginManager: Mounting plugin AnimationSharing
LogPluginManager: Mounting plugin CLionSourceCodeAccess
LogPluginManager: Mounting plugin CodeLiteSourceCodeAccess
LogPluginManager: Mounting plugin ConcertMain
LogPluginManager: Mounting plugin ConcertSyncClient
LogPluginManager: Mounting plugin ConcertSyncCore
LogPluginManager: Mounting plugin MultiUserClient
LogPluginManager: Mounting plugin GitSourceControl
LogPluginManager: Mounting plugin KDevelopSourceCodeAccess
LogPluginManager: Mounting plugin NullSourceCodeAccess
LogPluginManager: Mounting plugin PerforceSourceControl
LogPluginManager: Mounting plugin PlasticSourceControl
LogPluginManager: Mounting plugin RiderSourceCodeAccess
LogPluginManager: Mounting plugin SubversionSourceControl
LogPluginManager: Mounting plugin UObjectPlugin
LogPluginManager: Mounting plugin VisualStudioCodeSourceCodeAccess
LogPluginManager: Mounting plugin VisualStudioSourceCodeAccess
LogPluginManager: Mounting plugin XCodeSourceCodeAccess
LogPluginManager: Mounting plugin AssetManagerEditor
LogPluginManager: Mounting plugin CryptoKeys
LogPluginManager: Mounting plugin CurveEditorTools
LogPluginManager: Mounting plugin DataValidation
LogPluginManager: Mounting plugin EditorScriptingUtilities
LogPluginManager: Mounting plugin FacialAnimation
LogPluginManager: Mounting plugin GameplayTagsEditor
LogPluginManager: Mounting plugin GeometryMode
LogPluginManager: Mounting plugin MacGraphicsSwitching
LogPluginManager: Mounting plugin MaterialAnalyzer
LogPluginManager: Mounting plugin MobileLauncherProfileWizard
LogPluginManager: Mounting plugin PluginBrowser
LogPluginManager: Mounting plugin SpeedTreeImporter
LogPluginManager: Mounting plugin DatasmithContent
LogPluginManager: Mounting plugin VariantManagerContent
LogPluginManager: Mounting plugin AlembicImporter
LogPluginManager: Mounting plugin AutomationUtils
LogPluginManager: Mounting plugin BackChannel
LogPluginManager: Mounting plugin ChaosCloth
LogPluginManager: Mounting plugin ChaosClothEditor
LogPluginManager: Mounting plugin ChaosEditor
LogPluginManager: Mounting plugin ChaosNiagara
LogPluginManager: Mounting plugin ChaosSolverPlugin
LogPluginManager: Mounting plugin CharacterAI
LogPluginManager: Mounting plugin GeometryCache
LogPluginManager: Mounting plugin GeometryCollectionPlugin
LogPluginManager: Mounting plugin GeometryProcessing
LogPluginManager: Mounting plugin PlanarCut
LogPluginManager: Mounting plugin PlatformCrypto
LogPluginManager: Mounting plugin ProxyLODPlugin
LogPluginManager: Mounting plugin SkeletalReduction
LogPluginManager: Mounting plugin Niagara
LogPluginManager: Mounting plugin MagicLeap
LogPluginManager: Mounting plugin MagicLeapLightEstimation
LogPluginManager: Mounting plugin MagicLeapMedia
LogPluginManager: Mounting plugin MagicLeapPassableWorld
LogPluginManager: Mounting plugin MLSDK
LogPluginManager: Mounting plugin Substance
LogPluginManager: Mounting plugin AndroidMedia
LogPluginManager: Mounting plugin AvfMedia
LogPluginManager: Mounting plugin ImgMedia
LogPluginManager: Mounting plugin MediaCompositing
LogPluginManager: Mounting plugin MediaPlayerEditor
LogPluginManager: Mounting plugin WebMMedia
LogPluginManager: Mounting plugin WmfMedia
LogPluginManager: Mounting plugin MeshPainting
LogPluginManager: Mounting plugin TcpMessaging
LogPluginManager: Mounting plugin UdpMessaging
LogPluginManager: Mounting plugin ActorSequence
LogPluginManager: Mounting plugin LevelSequenceEditor
LogPluginManager: Mounting plugin MatineeToLevelSequence
LogPluginManager: Mounting plugin MovieRenderPipeline
LogPluginManager: Mounting plugin TemplateSequence
LogPluginManager: Mounting plugin NetcodeUnitTest
LogPluginManager: Mounting plugin NUTUnrealEngine4
LogPluginManager: Mounting plugin OnlineSubsystemGooglePlay
LogPluginManager: Mounting plugin OnlineSubsystemIOS
LogPluginManager: Mounting plugin OnlineSubsystem
LogPluginManager: Mounting plugin OnlineSubsystemNull
LogPluginManager: Mounting plugin OnlineSubsystemUtils
LogPluginManager: Mounting plugin LauncherChunkInstaller
LogPluginManager: Mounting plugin AndroidDeviceProfileSelector
LogPluginManager: Mounting plugin AndroidMoviePlayer
LogPluginManager: Mounting plugin AndroidPermission
LogPluginManager: Mounting plugin AppleImageUtils
LogPluginManager: Mounting plugin AppleMoviePlayer
LogPluginManager: Mounting plugin ArchVisCharacter
LogPluginManager: Mounting plugin AssetTags
LogPluginManager: Mounting plugin AudioCapture
LogPluginManager: Mounting plugin CableComponent
LogPluginManager: Mounting plugin CustomMeshComponent
LogPluginManager: Mounting plugin SQLiteCore
LogPluginManager: Mounting plugin EditableMesh
LogPluginManager: Mounting plugin ExampleDeviceProfileSelector
LogPluginManager: Mounting plugin GoogleCloudMessaging
LogPluginManager: Mounting plugin GooglePAD
LogPluginManager: Mounting plugin IOSDeviceProfileSelector
LogPluginManager: Mounting plugin LinuxDeviceProfileSelector
LogPluginManager: Mounting plugin LocationServicesBPLibrary
LogPluginManager: Mounting plugin MobilePatchingUtils
LogPluginManager: Mounting plugin PhysXVehicles
LogPluginManager: Mounting plugin PostSplashScreen
LogPluginManager: Mounting plugin ProceduralMeshComponent
LogPluginManager: Mounting plugin RuntimePhysXCooking
LogPluginManager: Mounting plugin SignificanceManager
LogPluginManager: Mounting plugin SoundFields
LogPluginManager: Mounting plugin Synthesis
LogPluginManager: Mounting plugin WebMMoviePlayer
LogPluginManager: Mounting plugin WindowsMoviePlayer
LogPluginManager: Mounting plugin ScreenshotTools
LogInit: Using libcurl 7.55.1-DEV
LogInit:  - built for x86_64-pc-win32
LogInit:  - supports SSL with OpenSSL/1.1.1
LogInit:  - supports HTTP deflate (compression) using libz 1.2.8
LogInit:  - other features:
LogInit:      CURL_VERSION_SSL
LogInit:      CURL_VERSION_LIBZ
LogInit:      CURL_VERSION_IPV6
LogInit:      CURL_VERSION_ASYNCHDNS
LogInit:      CURL_VERSION_LARGEFILE
LogInit:      CURL_VERSION_IDN
LogInit:  CurlRequestOptions (configurable via config and command line):
LogInit:  - bVerifyPeer = true  - Libcurl will verify peer certificate
LogInit:  - bUseHttpProxy = false  - Libcurl will NOT use HTTP proxy
LogInit:  - bDontReuseConnections = false  - Libcurl will reuse connections
LogInit:  - MaxHostConnections = 16  - Libcurl will limit the number of connections to a host
LogInit:  - LocalHostAddr = Default
LogInit:  - BufferSize = 65536
LogOnline: OSS: Creating online subsystem instance for: NULL
LogInit: WinSock: version 1.1 (2.2), MaxSocks=32767, MaxUdp=65467
LogOnline: OSS: TryLoadSubsystemAndSetDefault: Loaded subsystem for module [NULL]
LogInit: Build: ++UE4+Release-4.25-CL-14469661
LogInit: Engine Version: 4.25.4-14469661+++UE4+Release-4.25
LogInit: Compatible Engine Version: 4.25.0-13144385+++UE4+Release-4.25
LogInit: Net CL: 13144385
LogInit: OS: Windows 10 (Release 2004) (), CPU: Intel(R) Core(TM) i9-9900K CPU @ 3.60GHz, GPU: NVIDIA GeForce RTX 3090
LogInit: Compiled (64-bit): Oct 11 2020 08:10:49
LogInit: Compiled with Visual C++: 19.24.28315.00
LogInit: Build Configuration: Development
LogInit: Branch Name: ++UE4+Release-4.25
LogInit: Command Line: 
LogInit: Base Directory: C:/Program Files/Epic Games/UE_4.25/Engine/Binaries/Win64/
LogInit: Allocator: TBB
LogInit: Installed Engine Build: 1
LogDevObjectVersion: Number of dev versions registered: 26
LogDevObjectVersion:   Dev-Blueprints (B0D832E4-1F89-4F0D-ACCF-7EB736FD4AA2): 10
LogDevObjectVersion:   Dev-Build (E1C64328-A22C-4D53-A36C-8E866417BD8C): 0
LogDevObjectVersion:   Dev-Core (375EC13C-06E4-48FB-B500-84F0262A717E): 4
LogDevObjectVersion:   Dev-Editor (E4B068ED-F494-42E9-A231-DA0B2E46BB41): 38
LogDevObjectVersion:   Dev-Framework (CFFC743F-43B0-4480-9391-14DF171D2073): 37
LogDevObjectVersion:   Dev-Mobile (B02B49B5-BB20-44E9-A304-32B752E40360): 2
LogDevObjectVersion:   Dev-Networking (A4E4105C-59A1-49B5-A7C5-40C4547EDFEE): 0
LogDevObjectVersion:   Dev-Online (39C831C9-5AE6-47DC-9A44-9C173E1C8E7C): 0
LogDevObjectVersion:   Dev-Physics (78F01B33-EBEA-4F98-B9B4-84EACCB95AA2): 4
LogDevObjectVersion:   Dev-Platform (6631380F-2D4D-43E0-8009-CF276956A95A): 0
LogDevObjectVersion:   Dev-Rendering (12F88B9F-8875-4AFC-A67C-D90C383ABD29): 43
LogDevObjectVersion:   Dev-Sequencer (7B5AE74C-D270-4C10-A958-57980B212A5A): 12
LogDevObjectVersion:   Dev-VR (D7296918-1DD6-4BDD-9DE2-64A83CC13884): 3
LogDevObjectVersion:   Dev-LoadTimes (C2A15278-BFE7-4AFE-6C17-90FF531DF755): 1
LogDevObjectVersion:   Private-Geometry (6EACA3D4-40EC-4CC1-B786-8BED09428FC5): 3
LogDevObjectVersion:   Dev-AnimPhys (29E575DD-E0A3-4627-9D10-D276232CDCEA): 17
LogDevObjectVersion:   Dev-Anim (AF43A65D-7FD3-4947-9873-3E8ED9C1BB05): 7
LogDevObjectVersion:   Dev-ReflectionCapture (6B266CEC-1EC7-4B8F-A30B-E4D90942FC07): 1
LogDevObjectVersion:   Dev-Automation (0DF73D61-A23F-47EA-B727-89E90C41499A): 1
LogDevObjectVersion:   FortniteMain (601D1886-AC64-4F84-AA16-D3DE0DEAC7D6): 31
LogDevObjectVersion:   Dev-Enterprise (9DFFBCD6-494F-0158-E221-12823C92A888): 10
LogDevObjectVersion:   Dev-Niagara (F2AED0AC-9AFE-416F-8664-AA7FFA26D6FC): 1
LogDevObjectVersion:   Dev-Destruction (174F1F0B-B4C6-45A5-B13F-2EE8D0FB917D): 10
LogDevObjectVersion:   Dev-Physics-Ext (35F94A83-E258-406C-A318-09F59610247C): 37
LogDevObjectVersion:   Dev-PhysicsMaterial-Chaos (B68FC16E-8B1B-42E2-B453-215C058844FE): 1
LogDevObjectVersion:   Dev-CineCamera (B2E18506-4273-CFC2-A54E-F4BB758BBA07): 1
LogInit: Presizing for max 25165824 objects, including 0 objects not considered by GC, pre-allocating 0 bytes for permanent pool.
LogConfig: Applying CVar settings from Section [/Script/Engine.StreamingSettings] File [D:/Epic games/UEprojects/Gamedesign3/Saved/Config/Windows/Engine.ini]
LogConfig: Setting CVar [[s.MinBulkDataSizeForAsyncLoading:131072]]
LogConfig: Setting CVar [[s.AsyncLoadingThreadEnabled:0]]
LogConfig: Setting CVar [[s.EventDrivenLoaderEnabled:1]]
LogConfig: Setting CVar [[s.WarnIfTimeLimitExceeded:0]]
LogConfig: Setting CVar [[s.TimeLimitExceededMultiplier:1.5]]
LogConfig: Setting CVar [[s.TimeLimitExceededMinTime:0.005]]
LogConfig: Setting CVar [[s.UseBackgroundLevelStreaming:1]]
LogConfig: Setting CVar [[s.PriorityAsyncLoadingExtraTime:15.0]]
LogConfig: Setting CVar [[s.LevelStreamingActorsUpdateTimeLimit:5.0]]
LogConfig: Setting CVar [[s.PriorityLevelStreamingActorsUpdateExtraTime:5.0]]
LogConfig: Setting CVar [[s.LevelStreamingComponentsRegistrationGranularity:10]]
LogConfig: Setting CVar [[s.UnregisterComponentsTimeLimit:1.0]]
LogConfig: Setting CVar [[s.LevelStreamingComponentsUnregistrationGranularity:5]]
LogConfig: Setting CVar [[s.FlushStreamingOnExit:1]]
LogInit: Object subsystem initialized
LogConfig: Setting CVar [[con.DebugEarlyDefault:1]]
LogConfig: Setting CVar [[r.setres:1280x720]]
[2020.11.04-18.40.12:000][  0]LogConfig: Setting CVar [[r.VSync:0]]
[2020.11.04-18.40.12:000][  0]LogConfig: Setting CVar [[r.RHICmdBypass:0]]
[2020.11.04-18.40.12:000][  0]LogConfig: Applying CVar settings from Section [/Script/Engine.RendererSettings] File [D:/Epic games/UEprojects/Gamedesign3/Saved/Config/Windows/Engine.ini]
[2020.11.04-18.40.12:000][  0]LogConfig: Setting CVar [[r.GPUCrashDebugging:0]]
[2020.11.04-18.40.12:000][  0]LogConfig: Applying CVar settings from Section [/Script/Engine.RendererOverrideSettings] File [D:/Epic games/UEprojects/Gamedesign3/Saved/Config/Windows/Engine.ini]
[2020.11.04-18.40.12:000][  0]LogConfig: Applying CVar settings from Section [/Script/Engine.StreamingSettings] File [D:/Epic games/UEprojects/Gamedesign3/Saved/Config/Windows/Engine.ini]
[2020.11.04-18.40.12:000][  0]LogConfig: Setting CVar [[s.MinBulkDataSizeForAsyncLoading:131072]]
[2020.11.04-18.40.12:000][  0]LogConfig: Setting CVar [[s.AsyncLoadingThreadEnabled:0]]
[2020.11.04-18.40.12:000][  0]LogConfig: Setting CVar [[s.EventDrivenLoaderEnabled:1]]
[2020.11.04-18.40.12:000][  0]LogConfig: Setting CVar [[s.WarnIfTimeLimitExceeded:0]]
[2020.11.04-18.40.12:000][  0]LogConfig: Setting CVar [[s.TimeLimitExceededMultiplier:1.5]]
[2020.11.04-18.40.12:000][  0]LogConfig: Setting CVar [[s.TimeLimitExceededMinTime:0.005]]
[2020.11.04-18.40.12:000][  0]LogConfig: Setting CVar [[s.UseBackgroundLevelStreaming:1]]
[2020.11.04-18.40.12:000][  0]LogConfig: Setting CVar [[s.PriorityAsyncLoadingExtraTime:15.0]]
[2020.11.04-18.40.12:000][  0]LogConfig: Setting CVar [[s.LevelStreamingActorsUpdateTimeLimit:5.0]]
[2020.11.04-18.40.12:000][  0]LogConfig: Setting CVar [[s.PriorityLevelStreamingActorsUpdateExtraTime:5.0]]
[2020.11.04-18.40.12:000][  0]LogConfig: Setting CVar [[s.LevelStreamingComponentsRegistrationGranularity:10]]
[2020.11.04-18.40.12:000][  0]LogConfig: Setting CVar [[s.UnregisterComponentsTimeLimit:1.0]]
[2020.11.04-18.40.12:000][  0]LogConfig: Setting CVar [[s.LevelStreamingComponentsUnregistrationGranularity:5]]
[2020.11.04-18.40.12:000][  0]LogConfig: Setting CVar [[s.FlushStreamingOnExit:1]]
[2020.11.04-18.40.12:000][  0]LogConfig: Applying CVar settings from Section [/Script/Engine.GarbageCollectionSettings] File [D:/Epic games/UEprojects/Gamedesign3/Saved/Config/Windows/Engine.ini]
[2020.11.04-18.40.12:000][  0]LogConfig: Setting CVar [[gc.MaxObjectsNotConsideredByGC:1]]
[2020.11.04-18.40.12:000][  0]LogConfig: Setting CVar [[gc.SizeOfPermanentObjectPool:0]]
[2020.11.04-18.40.12:000][  0]LogConfig: Setting CVar [[gc.FlushStreamingOnGC:0]]
[2020.11.04-18.40.12:000][  0]LogConfig: Setting CVar [[gc.NumRetriesBeforeForcingGC:10]]
[2020.11.04-18.40.12:000][  0]LogConfig: Setting CVar [[gc.AllowParallelGC:1]]
[2020.11.04-18.40.12:000][  0]LogConfig: Setting CVar [[gc.TimeBetweenPurgingPendingKillObjects:61.1]]
[2020.11.04-18.40.12:000][  0]LogConfig: Setting CVar [[gc.MaxObjectsInEditor:25165824]]
[2020.11.04-18.40.12:000][  0]LogConfig: Setting CVar [[gc.IncrementalBeginDestroyEnabled:1]]
[2020.11.04-18.40.12:000][  0]LogConfig: Setting CVar [[gc.CreateGCClusters:1]]
[2020.11.04-18.40.12:000][  0]LogConfig: Setting CVar [[gc.MinGCClusterSize:5]]
[2020.11.04-18.40.12:000][  0]LogConfig: Setting CVar [[gc.ActorClusteringEnabled:0]]
[2020.11.04-18.40.12:000][  0]LogConfig: Setting CVar [[gc.BlueprintClusteringEnabled:0]]
[2020.11.04-18.40.12:000][  0]LogConfig: Setting CVar [[gc.UseDisregardForGCOnDedicatedServers:0]]
[2020.11.04-18.40.12:000][  0]LogConfig: Applying CVar settings from Section [/Script/Engine.NetworkSettings] File [D:/Epic games/UEprojects/Gamedesign3/Saved/Config/Windows/Engine.ini]
[2020.11.04-18.40.12:000][  0]LogConfig: Applying CVar settings from Section [/Script/UnrealEd.CookerSettings] File [D:/Epic games/UEprojects/Gamedesign3/Saved/Config/Windows/Engine.ini]
[2020.11.04-18.40.12:003][  0]LogConfig: Applying CVar settings from Section [ViewDistanceQuality@3] File [D:/Epic games/UEprojects/Gamedesign3/Saved/Config/Windows/Scalability.ini]
[2020.11.04-18.40.12:003][  0]LogConfig: Setting CVar [[r.SkeletalMeshLODBias:0]]
[2020.11.04-18.40.12:003][  0]LogConfig: Setting CVar [[r.ViewDistanceScale:1.0]]
[2020.11.04-18.40.12:003][  0]LogConfig: Applying CVar settings from Section [AntiAliasingQuality@3] File [D:/Epic games/UEprojects/Gamedesign3/Saved/Config/Windows/Scalability.ini]
[2020.11.04-18.40.12:003][  0]LogConfig: Setting CVar [[r.PostProcessAAQuality:4]]
[2020.11.04-18.40.12:003][  0]LogConfig: Applying CVar settings from Section [ShadowQuality@3] File [D:/Epic games/UEprojects/Gamedesign3/Saved/Config/Windows/Scalability.ini]
[2020.11.04-18.40.12:003][  0]LogConfig: Setting CVar [[r.LightFunctionQuality:1]]
[2020.11.04-18.40.12:003][  0]LogConfig: Setting CVar [[r.ShadowQuality:5]]
[2020.11.04-18.40.12:003][  0]LogConfig: Setting CVar [[r.Shadow.CSM.MaxCascades:10]]
[2020.11.04-18.40.12:003][  0]LogConfig: Setting CVar [[r.Shadow.MaxResolution:2048]]
[2020.11.04-18.40.12:003][  0]LogConfig: Setting CVar [[r.Shadow.MaxCSMResolution:2048]]
[2020.11.04-18.40.12:003][  0]LogConfig: Setting CVar [[r.Shadow.RadiusThreshold:0.01]]
[2020.11.04-18.40.12:003][  0]LogConfig: Setting CVar [[r.Shadow.DistanceScale:1.0]]
[2020.11.04-18.40.12:003][  0]LogConfig: Setting CVar [[r.Shadow.CSM.TransitionScale:1.0]]
[2020.11.04-18.40.12:003][  0]LogConfig: Setting CVar [[r.Shadow.PreShadowResolutionFactor:1.0]]
[2020.11.04-18.40.12:003][  0]LogConfig: Setting CVar [[r.DistanceFieldShadowing:1]]
[2020.11.04-18.40.12:003][  0]LogConfig: Setting CVar [[r.DistanceFieldAO:1]]
[2020.11.04-18.40.12:003][  0]LogConfig: Setting CVar [[r.AOQuality:2]]
[2020.11.04-18.40.12:003][  0]LogConfig: Setting CVar [[r.VolumetricFog:1]]
[2020.11.04-18.40.12:003][  0]LogConfig: Setting CVar [[r.VolumetricFog.GridPixelSize:8]]
[2020.11.04-18.40.12:003][  0]LogConfig: Setting CVar [[r.VolumetricFog.GridSizeZ:128]]
[2020.11.04-18.40.12:003][  0]LogConfig: Setting CVar [[r.VolumetricFog.HistoryMissSupersampleCount:4]]
[2020.11.04-18.40.12:003][  0]LogConfig: Setting CVar [[r.LightMaxDrawDistanceScale:1]]
[2020.11.04-18.40.12:003][  0]LogConfig: Setting CVar [[r.CapsuleShadows:1]]
[2020.11.04-18.40.12:003][  0]LogConfig: Applying CVar settings from Section [PostProcessQuality@3] File [D:/Epic games/UEprojects/Gamedesign3/Saved/Config/Windows/Scalability.ini]
[2020.11.04-18.40.12:003][  0]LogConfig: Setting CVar [[r.MotionBlurQuality:4]]
[2020.11.04-18.40.12:003][  0]LogConfig: Setting CVar [[r.AmbientOcclusionMipLevelFactor:0.4]]
[2020.11.04-18.40.12:003][  0]LogConfig: Setting CVar [[r.AmbientOcclusionMaxQuality:100]]
[2020.11.04-18.40.12:003][  0]LogConfig: Setting CVar [[r.AmbientOcclusionLevels:-1]]
[2020.11.04-18.40.12:003][  0]LogConfig: Setting CVar [[r.AmbientOcclusionRadiusScale:1.0]]
[2020.11.04-18.40.12:003][  0]LogConfig: Setting CVar [[r.DepthOfFieldQuality:2]]
[2020.11.04-18.40.12:003][  0]LogConfig: Setting CVar [[r.RenderTargetPoolMin:400]]
[2020.11.04-18.40.12:003][  0]LogConfig: Setting CVar [[r.LensFlareQuality:2]]
[2020.11.04-18.40.12:003][  0]LogConfig: Setting CVar [[r.SceneColorFringeQuality:1]]
[2020.11.04-18.40.12:003][  0]LogConfig: Setting CVar [[r.EyeAdaptationQuality:2]]
[2020.11.04-18.40.12:003][  0]LogConfig: Setting CVar [[r.BloomQuality:5]]
[2020.11.04-18.40.12:003][  0]LogConfig: Setting CVar [[r.FastBlurThreshold:100]]
[2020.11.04-18.40.12:003][  0]LogConfig: Setting CVar [[r.Upscale.Quality:3]]
[2020.11.04-18.40.12:003][  0]LogConfig: Setting CVar [[r.Tonemapper.GrainQuantization:1]]
[2020.11.04-18.40.12:003][  0]LogConfig: Setting CVar [[r.LightShaftQuality:1]]
[2020.11.04-18.40.12:003][  0]LogConfig: Setting CVar [[r.Filter.SizeScale:1]]
[2020.11.04-18.40.12:003][  0]LogConfig: Setting CVar [[r.Tonemapper.Quality:5]]
[2020.11.04-18.40.12:003][  0]LogConfig: Setting CVar [[r.DOF.Gather.AccumulatorQuality:1        ; higher gathering accumulator quality]]
[2020.11.04-18.40.12:003][  0]LogConfig: Setting CVar [[r.DOF.Gather.PostfilterMethod:1          ; Median3x3 postfilering method]]
[2020.11.04-18.40.12:003][  0]LogConfig: Setting CVar [[r.DOF.Gather.EnableBokehSettings:0       ; no bokeh simulation when gathering]]
[2020.11.04-18.40.12:003][  0]LogConfig: Setting CVar [[r.DOF.Gather.RingCount:4                 ; medium number of samples when gathering]]
[2020.11.04-18.40.12:003][  0]LogConfig: Setting CVar [[r.DOF.Scatter.ForegroundCompositing:1    ; additive foreground scattering]]
[2020.11.04-18.40.12:003][  0]LogConfig: Setting CVar [[r.DOF.Scatter.BackgroundCompositing:2    ; additive background scattering]]
[2020.11.04-18.40.12:003][  0]LogConfig: Setting CVar [[r.DOF.Scatter.EnableBokehSettings:1      ; bokeh simulation when scattering]]
[2020.11.04-18.40.12:003][  0]LogConfig: Setting CVar [[r.DOF.Scatter.MaxSpriteRatio:0.1         ; only a maximum of 10% of scattered bokeh]]
[2020.11.04-18.40.12:003][  0]LogConfig: Setting CVar [[r.DOF.Recombine.Quality:1                ; cheap slight out of focus]]
[2020.11.04-18.40.12:003][  0]LogConfig: Setting CVar [[r.DOF.Recombine.EnableBokehSettings:0    ; no bokeh simulation on slight out of focus]]
[2020.11.04-18.40.12:003][  0]LogConfig: Setting CVar [[r.DOF.TemporalAAQuality:1                ; more stable temporal accumulation]]
[2020.11.04-18.40.12:003][  0]LogConfig: Setting CVar [[r.DOF.Kernel.MaxForegroundRadius:0.025]]
[2020.11.04-18.40.12:003][  0]LogConfig: Setting CVar [[r.DOF.Kernel.MaxBackgroundRadius:0.025]]
[2020.11.04-18.40.12:003][  0]LogConfig: Applying CVar settings from Section [TextureQuality@3] File [D:/Epic games/UEprojects/Gamedesign3/Saved/Config/Windows/Scalability.ini]
[2020.11.04-18.40.12:003][  0]LogConfig: Setting CVar [[r.Streaming.MipBias:0]]
[2020.11.04-18.40.12:003][  0]LogConfig: Setting CVar [[r.Streaming.AmortizeCPUToGPUCopy:0]]
[2020.11.04-18.40.12:003][  0]LogConfig: Setting CVar [[r.Streaming.MaxNumTexturesToStreamPerFrame:0]]
[2020.11.04-18.40.12:003][  0]LogConfig: Setting CVar [[r.Streaming.Boost:1]]
[2020.11.04-18.40.12:003][  0]LogConfig: Setting CVar [[r.MaxAnisotropy:8]]
[2020.11.04-18.40.12:003][  0]LogConfig: Setting CVar [[r.VT.MaxAnisotropy:8]]
[2020.11.04-18.40.12:003][  0]LogConfig: Setting CVar [[r.Streaming.LimitPoolSizeToVRAM:0]]
[2020.11.04-18.40.12:003][  0]LogConfig: Setting CVar [[r.Streaming.PoolSize:1000]]
[2020.11.04-18.40.12:003][  0]LogConfig: Setting CVar [[r.Streaming.MaxEffectiveScreenSize:0]]
[2020.11.04-18.40.12:003][  0]LogConfig: Applying CVar settings from Section [EffectsQuality@3] File [D:/Epic games/UEprojects/Gamedesign3/Saved/Config/Windows/Scalability.ini]
[2020.11.04-18.40.12:003][  0]LogConfig: Setting CVar [[r.TranslucencyLightingVolumeDim:64]]
[2020.11.04-18.40.12:003][  0]LogConfig: Setting CVar [[r.RefractionQuality:2]]
[2020.11.04-18.40.12:003][  0]LogConfig: Setting CVar [[r.SSR.Quality:3]]
[2020.11.04-18.40.12:003][  0]LogConfig: Setting CVar [[r.SSR.HalfResSceneColor:0]]
[2020.11.04-18.40.12:004][  0]LogConfig: Setting CVar [[r.SceneColorFormat:4]]
[2020.11.04-18.40.12:004][  0]LogConfig: Setting CVar [[r.DetailMode:2]]
[2020.11.04-18.40.12:004][  0]LogConfig: Setting CVar [[r.TranslucencyVolumeBlur:1]]
[2020.11.04-18.40.12:004][  0]LogConfig: Setting CVar [[r.MaterialQualityLevel:1 ; High quality]]
[2020.11.04-18.40.12:004][  0]LogConfig: Setting CVar [[r.SSS.Scale:1]]
[2020.11.04-18.40.12:004][  0]LogConfig: Setting CVar [[r.SSS.SampleSet:2]]
[2020.11.04-18.40.12:004][  0]LogConfig: Setting CVar [[r.SSS.Quality:1]]
[2020.11.04-18.40.12:004][  0]LogConfig: Setting CVar [[r.SSS.HalfRes:0]]
[2020.11.04-18.40.12:004][  0]LogConfig: Setting CVar [[r.SSGI.Quality:3]]
[2020.11.04-18.40.12:004][  0]LogConfig: Setting CVar [[r.EmitterSpawnRateScale:1.0]]
[2020.11.04-18.40.12:004][  0]LogConfig: Setting CVar [[r.ParticleLightQuality:2]]
[2020.11.04-18.40.12:004][  0]LogConfig: Setting CVar [[r.SkyAtmosphere.AerialPerspectiveLUT.FastApplyOnOpaque:1 ; Always have FastSkyLUT 1 in this case to avoid wrong sky]]
[2020.11.04-18.40.12:004][  0]LogConfig: Setting CVar [[r.SkyAtmosphere.AerialPerspectiveLUT.SampleCountPerSlice:1]]
[2020.11.04-18.40.12:004][  0]LogConfig: Setting CVar [[r.SkyAtmosphere.AerialPerspectiveLUT.DepthResolution:16.0]]
[2020.11.04-18.40.12:004][  0]LogConfig: Setting CVar [[r.SkyAtmosphere.FastSkyLUT:1]]
[2020.11.04-18.40.12:004][  0]LogConfig: Setting CVar [[r.SkyAtmosphere.FastSkyLUT.SampleCountMin:4.0]]
[2020.11.04-18.40.12:004][  0]LogConfig: Setting CVar [[r.SkyAtmosphere.FastSkyLUT.SampleCountMax:32.0]]
[2020.11.04-18.40.12:004][  0]LogConfig: Setting CVar [[r.SkyAtmosphere.SampleCountMin:4.0]]
[2020.11.04-18.40.12:004][  0]LogConfig: Setting CVar [[r.SkyAtmosphere.SampleCountMax:32.0]]
[2020.11.04-18.40.12:004][  0]LogConfig: Setting CVar [[r.SkyAtmosphere.TransmittanceLUT.UseSmallFormat:0]]
[2020.11.04-18.40.12:004][  0]LogConfig: Setting CVar [[r.SkyAtmosphere.TransmittanceLUT.SampleCount:10.0]]
[2020.11.04-18.40.12:004][  0]LogConfig: Setting CVar [[r.SkyAtmosphere.MultiScatteringLUT.SampleCount:15.0]]
[2020.11.04-18.40.12:004][  0]LogConfig: Applying CVar settings from Section [FoliageQuality@3] File [D:/Epic games/UEprojects/Gamedesign3/Saved/Config/Windows/Scalability.ini]
[2020.11.04-18.40.12:004][  0]LogConfig: Setting CVar [[foliage.DensityScale:1.0]]
[2020.11.04-18.40.12:004][  0]LogConfig: Setting CVar [[grass.DensityScale:1.0]]
[2020.11.04-18.40.12:004][  0]LogConfig: Applying CVar settings from Section [ShadingQuality@3] File [D:/Epic games/UEprojects/Gamedesign3/Saved/Config/Windows/Scalability.ini]
[2020.11.04-18.40.12:004][  0]LogConfig: Setting CVar [[r.HairStrands.SkyLighting.SampleCount:16]]
[2020.11.04-18.40.12:004][  0]LogConfig: Setting CVar [[r.HairStrands.SkyLighting.JitterIntegration:0]]
[2020.11.04-18.40.12:004][  0]LogConfig: Setting CVar [[r.HairStrands.SkyAO.SampleCount:16]]
[2020.11.04-18.40.12:004][  0]LogConfig: Setting CVar [[r.HairStrands.DeepShadow.SuperSampling:0]]
[2020.11.04-18.40.12:004][  0]LogConfig: Setting CVar [[r.HairStrands.VisibilityPPLL:0]]
[2020.11.04-18.40.12:004][  0]LogConfig: Setting CVar [[r.HairStrands.RasterizationScale:0.5]]
[2020.11.04-18.40.12:004][  0]LogConfig: Setting CVar [[r.HairStrands.VelocityRasterizationScale:1]]
[2020.11.04-18.40.12:004][  0]LogInit: Selected Device Profile: [Windows]
[2020.11.04-18.40.12:004][  0]LogInit: Applying CVar settings loaded from the selected device profile: [Windows]
[2020.11.04-18.40.12:004][  0]LogHAL: Display: Platform has ~ 32 GB [34290757632 / 34359738368 / 32], which maps to Largest [LargestMinGB=32, LargerMinGB=12, DefaultMinGB=8, SmallerMinGB=6, SmallestMinGB=0)
[2020.11.04-18.40.12:004][  0]LogInit: Going up to parent DeviceProfile []
[2020.11.04-18.40.12:004][  0]LogConfig: Applying CVar settings from Section [ViewDistanceQuality@Cine] File [D:/Epic games/UEprojects/Gamedesign3/Saved/Config/Windows/Scalability.ini]
[2020.11.04-18.40.12:004][  0]LogConfig: Setting CVar [[r.SkeletalMeshLODBias:0]]
[2020.11.04-18.40.12:004][  0]LogConfig: Setting CVar [[r.ViewDistanceScale:10.0]]
[2020.11.04-18.40.12:004][  0]LogConfig: Applying CVar settings from Section [AntiAliasingQuality@Cine] File [D:/Epic games/UEprojects/Gamedesign3/Saved/Config/Windows/Scalability.ini]
[2020.11.04-18.40.12:004][  0]LogConfig: Setting CVar [[r.PostProcessAAQuality:6]]
[2020.11.04-18.40.12:004][  0]LogConfig: Applying CVar settings from Section [ShadowQuality@Cine] File [D:/Epic games/UEprojects/Gamedesign3/Saved/Config/Windows/Scalability.ini]
[2020.11.04-18.40.12:004][  0]LogConfig: Setting CVar [[r.LightFunctionQuality:1]]
[2020.11.04-18.40.12:004][  0]LogConfig: Setting CVar [[r.ShadowQuality:5]]
[2020.11.04-18.40.12:004][  0]LogConfig: Setting CVar [[r.Shadow.CSM.MaxCascades:10]]
[2020.11.04-18.40.12:004][  0]LogConfig: Setting CVar [[r.Shadow.MaxResolution:4096]]
[2020.11.04-18.40.12:004][  0]LogConfig: Setting CVar [[r.Shadow.MaxCSMResolution:4096]]
[2020.11.04-18.40.12:004][  0]LogConfig: Setting CVar [[r.Shadow.RadiusThreshold:0]]
[2020.11.04-18.40.12:004][  0]LogConfig: Setting CVar [[r.Shadow.DistanceScale:1.0]]
[2020.11.04-18.40.12:004][  0]LogConfig: Setting CVar [[r.Shadow.CSM.TransitionScale:1.0]]
[2020.11.04-18.40.12:004][  0]LogConfig: Setting CVar [[r.Shadow.PreShadowResolutionFactor:1.0]]
[2020.11.04-18.40.12:004][  0]LogConfig: Setting CVar [[r.DistanceFieldShadowing:1]]
[2020.11.04-18.40.12:004][  0]LogConfig: Setting CVar [[r.DistanceFieldAO:1]]
[2020.11.04-18.40.12:004][  0]LogConfig: Setting CVar [[r.AOQuality:2]]
[2020.11.04-18.40.12:004][  0]LogConfig: Setting CVar [[r.VolumetricFog:1]]
[2020.11.04-18.40.12:004][  0]LogConfig: Setting CVar [[r.VolumetricFog.GridPixelSize:4]]
[2020.11.04-18.40.12:004][  0]LogConfig: Setting CVar [[r.VolumetricFog.GridSizeZ:128]]
[2020.11.04-18.40.12:004][  0]LogConfig: Setting CVar [[r.VolumetricFog.HistoryMissSupersampleCount:16]]
[2020.11.04-18.40.12:004][  0]LogConfig: Setting CVar [[r.LightMaxDrawDistanceScale:1]]
[2020.11.04-18.40.12:004][  0]LogConfig: Setting CVar [[r.CapsuleShadows:1]]
[2020.11.04-18.40.12:004][  0]LogConfig: Applying CVar settings from Section [PostProcessQuality@Cine] File [D:/Epic games/UEprojects/Gamedesign3/Saved/Config/Windows/Scalability.ini]
[2020.11.04-18.40.12:004][  0]LogConfig: Setting CVar [[r.MotionBlurQuality:4]]
[2020.11.04-18.40.12:004][  0]LogConfig: Setting CVar [[r.AmbientOcclusionMipLevelFactor:0.4]]
[2020.11.04-18.40.12:004][  0]LogConfig: Setting CVar [[r.AmbientOcclusionMaxQuality:100]]
[2020.11.04-18.40.12:004][  0]LogConfig: Setting CVar [[r.AmbientOcclusionLevels:-1]]
[2020.11.04-18.40.12:004][  0]LogConfig: Setting CVar [[r.AmbientOcclusionRadiusScale:1.0]]
[2020.11.04-18.40.12:004][  0]LogConfig: Setting CVar [[r.DepthOfFieldQuality:4]]
[2020.11.04-18.40.12:004][  0]LogConfig: Setting CVar [[r.RenderTargetPoolMin:1000]]
[2020.11.04-18.40.12:004][  0]LogConfig: Setting CVar [[r.LensFlareQuality:3]]
[2020.11.04-18.40.12:004][  0]LogConfig: Setting CVar [[r.SceneColorFringeQuality:1]]
[2020.11.04-18.40.12:004][  0]LogConfig: Setting CVar [[r.EyeAdaptationQuality:2]]
[2020.11.04-18.40.12:004][  0]LogConfig: Setting CVar [[r.BloomQuality:5]]
[2020.11.04-18.40.12:004][  0]LogConfig: Setting CVar [[r.FastBlurThreshold:100]]
[2020.11.04-18.40.12:004][  0]LogConfig: Setting CVar [[r.Upscale.Quality:3]]
[2020.11.04-18.40.12:004][  0]LogConfig: Setting CVar [[r.Tonemapper.GrainQuantization:1]]
[2020.11.04-18.40.12:004][  0]LogConfig: Setting CVar [[r.LightShaftQuality:1]]
[2020.11.04-18.40.12:004][  0]LogConfig: Setting CVar [[r.Filter.SizeScale:1]]
[2020.11.04-18.40.12:004][  0]LogConfig: Setting CVar [[r.Tonemapper.Quality:5]]
[2020.11.04-18.40.12:004][  0]LogConfig: Setting CVar [[r.DOF.Gather.AccumulatorQuality:1        ; higher gathering accumulator quality]]
[2020.11.04-18.40.12:004][  0]LogConfig: Setting CVar [[r.DOF.Gather.PostfilterMethod:1          ; Median3x3 postfilering method]]
[2020.11.04-18.40.12:004][  0]LogConfig: Setting CVar [[r.DOF.Gather.EnableBokehSettings:1       ; bokeh simulation when gathering]]
[2020.11.04-18.40.12:004][  0]LogConfig: Setting CVar [[r.DOF.Gather.RingCount:5                 ; high number of samples when gathering]]
[2020.11.04-18.40.12:004][  0]LogConfig: Setting CVar [[r.DOF.Scatter.ForegroundCompositing:1    ; additive foreground scattering]]
[2020.11.04-18.40.12:004][  0]LogConfig: Setting CVar [[r.DOF.Scatter.BackgroundCompositing:2    ; background scattering occlusion]]
[2020.11.04-18.40.12:004][  0]LogConfig: Setting CVar [[r.DOF.Scatter.EnableBokehSettings:1      ; no bokeh simulation when scattering]]
[2020.11.04-18.40.12:004][  0]LogConfig: Setting CVar [[r.DOF.Scatter.MaxSpriteRatio:0.25        ; only a maximum of 10% of scattered bokeh]]
[2020.11.04-18.40.12:004][  0]LogConfig: Setting CVar [[r.DOF.Recombine.Quality:2                ; highest slight out of focus]]
[2020.11.04-18.40.12:004][  0]LogConfig: Setting CVar [[r.DOF.Recombine.EnableBokehSettings:1    ; bokeh simulation on slight out of focus]]
[2020.11.04-18.40.12:004][  0]LogConfig: Setting CVar [[r.DOF.TemporalAAQuality:1                ; more stable temporal accumulation]]
[2020.11.04-18.40.12:004][  0]LogConfig: Setting CVar [[r.DOF.Kernel.MaxForegroundRadius:0.025]]
[2020.11.04-18.40.12:004][  0]LogConfig: Setting CVar [[r.DOF.Kernel.MaxBackgroundRadius:0.025]]
[2020.11.04-18.40.12:004][  0]LogConfig: Applying CVar settings from Section [TextureQuality@Cine] File [D:/Epic games/UEprojects/Gamedesign3/Saved/Config/Windows/Scalability.ini]
[2020.11.04-18.40.12:004][  0]LogConfig: Setting CVar [[r.Streaming.MipBias:0]]
[2020.11.04-18.40.12:004][  0]LogConfig: Setting CVar [[r.Streaming.AmortizeCPUToGPUCopy:0]]
[2020.11.04-18.40.12:005][  0]LogConfig: Setting CVar [[r.Streaming.MaxNumTexturesToStreamPerFrame:0]]
[2020.11.04-18.40.12:005][  0]LogConfig: Setting CVar [[r.Streaming.Boost:1]]
[2020.11.04-18.40.12:005][  0]LogConfig: Setting CVar [[r.MaxAnisotropy:8]]
[2020.11.04-18.40.12:005][  0]LogConfig: Setting CVar [[r.VT.MaxAnisotropy:8]]
[2020.11.04-18.40.12:005][  0]LogConfig: Setting CVar [[r.Streaming.LimitPoolSizeToVRAM:0]]
[2020.11.04-18.40.12:005][  0]LogConfig: Setting CVar [[r.Streaming.PoolSize:3000]]
[2020.11.04-18.40.12:005][  0]LogConfig: Setting CVar [[r.Streaming.MaxEffectiveScreenSize:0]]
[2020.11.04-18.40.12:005][  0]LogConfig: Applying CVar settings from Section [EffectsQuality@Cine] File [D:/Epic games/UEprojects/Gamedesign3/Saved/Config/Windows/Scalability.ini]
[2020.11.04-18.40.12:005][  0]LogConfig: Setting CVar [[r.TranslucencyLightingVolumeDim:64]]
[2020.11.04-18.40.12:005][  0]LogConfig: Setting CVar [[r.RefractionQuality:2]]
[2020.11.04-18.40.12:005][  0]LogConfig: Setting CVar [[r.SSR.Quality:4]]
[2020.11.04-18.40.12:005][  0]LogConfig: Setting CVar [[r.SSR.HalfResSceneColor:0]]
[2020.11.04-18.40.12:005][  0]LogConfig: Setting CVar [[r.SceneColorFormat:4]]
[2020.11.04-18.40.12:005][  0]LogConfig: Setting CVar [[r.DetailMode:2]]
[2020.11.04-18.40.12:005][  0]LogConfig: Setting CVar [[r.TranslucencyVolumeBlur:1]]
[2020.11.04-18.40.12:005][  0]LogConfig: Setting CVar [[r.MaterialQualityLevel:1 ; High quality]]
[2020.11.04-18.40.12:005][  0]LogConfig: Setting CVar [[r.SSS.Scale:1]]
[2020.11.04-18.40.12:005][  0]LogConfig: Setting CVar [[r.SSS.SampleSet:2]]
[2020.11.04-18.40.12:005][  0]LogConfig: Setting CVar [[r.SSS.Quality:1]]
[2020.11.04-18.40.12:005][  0]LogConfig: Setting CVar [[r.SSS.HalfRes:0]]
[2020.11.04-18.40.12:005][  0]LogConfig: Setting CVar [[r.SSGI.Quality:4]]
[2020.11.04-18.40.12:005][  0]LogConfig: Setting CVar [[r.EmitterSpawnRateScale:1.0]]
[2020.11.04-18.40.12:005][  0]LogConfig: Setting CVar [[r.ParticleLightQuality:2]]
[2020.11.04-18.40.12:005][  0]LogConfig: Setting CVar [[r.SkyAtmosphere.AerialPerspectiveLUT.FastApplyOnOpaque:0]]
[2020.11.04-18.40.12:005][  0]LogConfig: Setting CVar [[r.SkyAtmosphere.AerialPerspectiveLUT.SampleCountPerSlice:2]]
[2020.11.04-18.40.12:005][  0]LogConfig: Setting CVar [[r.SkyAtmosphere.AerialPerspectiveLUT.DepthResolution:32.0]]
[2020.11.04-18.40.12:005][  0]LogConfig: Setting CVar [[r.SkyAtmosphere.FastSkyLUT:0]]
[2020.11.04-18.40.12:005][  0]LogConfig: Setting CVar [[r.SkyAtmosphere.FastSkyLUT.SampleCountMin:4.0]]
[2020.11.04-18.40.12:005][  0]LogConfig: Setting CVar [[r.SkyAtmosphere.FastSkyLUT.SampleCountMax:32.0]]
[2020.11.04-18.40.12:005][  0]LogConfig: Setting CVar [[r.SkyAtmosphere.SampleCountMin:8.0]]
[2020.11.04-18.40.12:005][  0]LogConfig: Setting CVar [[r.SkyAtmosphere.SampleCountMax:32.0]]
[2020.11.04-18.40.12:005][  0]LogConfig: Setting CVar [[r.SkyAtmosphere.TransmittanceLUT.UseSmallFormat:0]]
[2020.11.04-18.40.12:005][  0]LogConfig: Setting CVar [[r.SkyAtmosphere.TransmittanceLUT.SampleCount:30.0]]
[2020.11.04-18.40.12:005][  0]LogConfig: Setting CVar [[r.SkyAtmosphere.MultiScatteringLUT.SampleCount:20.0]]
[2020.11.04-18.40.12:005][  0]LogConfig: Applying CVar settings from Section [FoliageQuality@Cine] File [D:/Epic games/UEprojects/Gamedesign3/Saved/Config/Windows/Scalability.ini]
[2020.11.04-18.40.12:005][  0]LogConfig: Setting CVar [[foliage.DensityScale:1.0]]
[2020.11.04-18.40.12:005][  0]LogConfig: Setting CVar [[grass.DensityScale:1.0]]
[2020.11.04-18.40.12:005][  0]LogConfig: Applying CVar settings from Section [ShadingQuality@Cine] File [D:/Epic games/UEprojects/Gamedesign3/Saved/Config/Windows/Scalability.ini]
[2020.11.04-18.40.12:005][  0]LogConfig: Setting CVar [[r.HairStrands.SkyLighting.SampleCount:64]]
[2020.11.04-18.40.12:005][  0]LogConfig: Setting CVar [[r.HairStrands.SkyLighting.JitterIntegration:1]]
[2020.11.04-18.40.12:005][  0]LogConfig: Setting CVar [[r.HairStrands.SkyAO.SampleCount:32]]
[2020.11.04-18.40.12:005][  0]LogConfig: Setting CVar [[r.HairStrands.DeepShadow.SuperSampling:1]]
[2020.11.04-18.40.12:005][  0]LogConfig: Setting CVar [[r.HairStrands.RasterizationScale:1]]
[2020.11.04-18.40.12:005][  0]LogConfig: Setting CVar [[r.HairStrands.VelocityRasterizationScale:1]]
[2020.11.04-18.40.12:005][  0]LogConfig: Setting CVar [[r.HairStrands.VisibilityPPLL:1]]
[2020.11.04-18.40.12:005][  0]LogConfig: Applying CVar settings from Section [Startup] File [../../../Engine/Config/ConsoleVariables.ini]
[2020.11.04-18.40.12:005][  0]LogConfig: Setting CVar [[net.UseAdaptiveNetUpdateFrequency:0]]
[2020.11.04-18.40.12:005][  0]LogConfig: Setting CVar [[p.chaos.AllowCreatePhysxBodies:1]]
[2020.11.04-18.40.12:005][  0]LogConfig: Setting CVar [[fx.SkipVectorVMBackendOptimizations:1]]
[2020.11.04-18.40.12:005][  0]LogConfig: Applying CVar settings from Section [ConsoleVariables] File [D:/Epic games/UEprojects/Gamedesign3/Saved/Config/Windows/Engine.ini]
[2020.11.04-18.40.12:005][  0]LogInit: Computer: DESKTOP-6PK3L4E
[2020.11.04-18.40.12:005][  0]LogInit: User: mikae
[2020.11.04-18.40.12:005][  0]LogInit: CPU Page size=4096, Cores=8
[2020.11.04-18.40.12:005][  0]LogInit: High frequency timer resolution =10.000000 MHz
[2020.11.04-18.40.12:005][  0]LogMemory: Memory total: Physical=31.9GB (32GB approx)
[2020.11.04-18.40.12:005][  0]LogMemory: Platform Memory Stats for Windows
[2020.11.04-18.40.12:005][  0]LogMemory: Process Physical Memory: 116.86 MB used, 116.87 MB peak
[2020.11.04-18.40.12:005][  0]LogMemory: Process Virtual Memory: 112.27 MB used, 112.27 MB peak
[2020.11.04-18.40.12:005][  0]LogMemory: Physical Memory: 11212.21 MB used,  21490.00 MB free, 32702.21 MB total
[2020.11.04-18.40.12:005][  0]LogMemory: Virtual Memory: 5197.98 MB used,  134212528.00 MB free, 134217728.00 MB total
[2020.11.04-18.40.12:009][  0]LogWindows: WindowsPlatformFeatures enabled
[2020.11.04-18.40.12:047][  0]LogInit: Physics initialised using underlying interface: PhysX
[2020.11.04-18.40.12:050][  0]LogInit: Using OS detected language (en-US).
[2020.11.04-18.40.12:050][  0]LogInit: Using OS detected locale (en-GB).
[2020.11.04-18.40.12:055][  0]LogTextLocalizationManager: No specific localization for 'en-US' exists, so the 'en' localization will be used.
[2020.11.04-18.40.12:193][  0]LogInit: Setting process to per monitor DPI aware
[2020.11.04-18.40.12:223][  0]LogSlate: New Slate User Created.  User Index 0, Is Virtual User: 0
[2020.11.04-18.40.12:223][  0]LogSlate: Slate User Registered.  User Index 0, Is Virtual User: 0
[2020.11.04-18.40.12:327][  0]LogD3D11RHI: D3D11 min allowed feature level: 11_0
[2020.11.04-18.40.12:327][  0]LogD3D11RHI: D3D11 max allowed feature level: 11_0
[2020.11.04-18.40.12:327][  0]LogD3D11RHI: D3D11 adapters:
[2020.11.04-18.40.12:409][  0]LogD3D11RHI:    0. 'NVIDIA GeForce RTX 3090' (Feature Level 11_0)
[2020.11.04-18.40.12:409][  0]LogD3D11RHI:       24348/0/16351 MB DedicatedVideo/DedicatedSystem/SharedSystem, Outputs:1, VendorId:0x10de
[2020.11.04-18.40.12:411][  0]LogD3D11RHI:    1. 'Microsoft Basic Render Driver' (Feature Level 11_0)
[2020.11.04-18.40.12:411][  0]LogD3D11RHI:       0/0/16351 MB DedicatedVideo/DedicatedSystem/SharedSystem, Outputs:0, VendorId:0x1414
[2020.11.04-18.40.12:411][  0]LogD3D11RHI: Chosen D3D11 Adapter: 0
[2020.11.04-18.40.12:417][  0]LogD3D11RHI: Creating new Direct3DDevice
[2020.11.04-18.40.12:417][  0]LogD3D11RHI:     GPU DeviceId: 0x2204 (for the marketing name, search the web for "GPU Device Id")
[2020.11.04-18.40.12:417][  0]LogWindows: EnumDisplayDevices:
[2020.11.04-18.40.12:417][  0]LogWindows:    0. 'NVIDIA GeForce RTX 3090' (P:1 D:1)
[2020.11.04-18.40.12:417][  0]LogWindows:    1. 'NVIDIA GeForce RTX 3090' (P:0 D:0)
[2020.11.04-18.40.12:417][  0]LogWindows:    2. 'NVIDIA GeForce RTX 3090' (P:0 D:0)
[2020.11.04-18.40.12:417][  0]LogWindows:    3. 'NVIDIA GeForce RTX 3090' (P:0 D:0)
[2020.11.04-18.40.12:417][  0]LogWindows: DebugString: FoundDriverCount:4 
[2020.11.04-18.40.12:418][  0]LogD3D11RHI:     Adapter Name: NVIDIA GeForce RTX 3090
[2020.11.04-18.40.12:418][  0]LogD3D11RHI:   Driver Version: 456.71 (internal:27.21.14.5671, unified:456.71)
[2020.11.04-18.40.12:418][  0]LogD3D11RHI:      Driver Date: 9-30-2020
[2020.11.04-18.40.12:418][  0]LogRHI: Texture pool is 17043 MB (70% of 24348 MB)
[2020.11.04-18.40.12:470][  0]LogD3D11RHI: RHI has support for 64 bit atomics
[2020.11.04-18.40.12:470][  0]LogD3D11RHI: Async texture creation enabled
[2020.11.04-18.40.12:470][  0]LogD3D11RHI: Array index from any shader is supported
[2020.11.04-18.40.12:471][  0]LogD3D11RHI: HDR output is supported on display 0 (NvId: 0x80061086).
[2020.11.04-18.40.12:489][  0]LogD3D11RHI: GPU Timing Frequency: 1000.000000 (Debug: 2 2)
[2020.11.04-18.40.12:729][  0]LogTargetPlatformManager: Display: Loaded TargetPlatform 'AllDesktop'
[2020.11.04-18.40.12:745][  0]LogTargetPlatformManager: Display: Loaded TargetPlatform 'Android'
[2020.11.04-18.40.12:745][  0]LogTargetPlatformManager: Display: Loaded TargetPlatform 'Android_ASTC'
[2020.11.04-18.40.12:745][  0]LogTargetPlatformManager: Display: Loaded TargetPlatform 'Android_DXT'
[2020.11.04-18.40.12:745][  0]LogTargetPlatformManager: Display: Loaded TargetPlatform 'Android_ETC2'
[2020.11.04-18.40.12:745][  0]LogTargetPlatformManager: Display: Loaded TargetPlatform 'AndroidClient'
[2020.11.04-18.40.12:745][  0]LogTargetPlatformManager: Display: Loaded TargetPlatform 'Android_ASTCClient'
[2020.11.04-18.40.12:745][  0]LogTargetPlatformManager: Display: Loaded TargetPlatform 'Android_DXTClient'
[2020.11.04-18.40.12:745][  0]LogTargetPlatformManager: Display: Loaded TargetPlatform 'Android_ETC2Client'
[2020.11.04-18.40.12:745][  0]LogTargetPlatformManager: Display: Loaded TargetPlatform 'Android_Multi'
[2020.11.04-18.40.12:745][  0]LogTargetPlatformManager: Display: Loaded TargetPlatform 'Android_MultiClient'
[2020.11.04-18.40.12:763][  0]LogTargetPlatformManager: Display: Loaded TargetPlatform 'IOSClient'
[2020.11.04-18.40.12:763][  0]LogTargetPlatformManager: Display: Loaded TargetPlatform 'IOS'
[2020.11.04-18.40.12:771][  0]LogTargetPlatformManager: Display: Loaded TargetPlatform 'Linux'
[2020.11.04-18.40.12:778][  0]LogTargetPlatformManager: Display: Loaded TargetPlatform 'LinuxNoEditor'
[2020.11.04-18.40.12:785][  0]LogTargetPlatformManager: Display: Loaded TargetPlatform 'LinuxClient'
[2020.11.04-18.40.12:792][  0]LogTargetPlatformManager: Display: Loaded TargetPlatform 'LinuxServer'
[2020.11.04-18.40.12:800][  0]LogTargetPlatformManager: Display: Loaded TargetPlatform 'LinuxAArch64NoEditor'
[2020.11.04-18.40.12:807][  0]LogTargetPlatformManager: Display: Loaded TargetPlatform 'LinuxAArch64Client'
[2020.11.04-18.40.12:814][  0]LogTargetPlatformManager: Display: Loaded TargetPlatform 'LinuxAArch64Server'
[2020.11.04-18.40.12:834][  0]LogTargetPlatformManager: Display: Loaded TargetPlatform 'Lumin'
[2020.11.04-18.40.12:834][  0]LogTargetPlatformManager: Display: Loaded TargetPlatform 'LuminClient'
[2020.11.04-18.40.12:846][  0]LogTargetPlatformManager: Display: Loaded TargetPlatform 'TVOSClient'
[2020.11.04-18.40.12:846][  0]LogTargetPlatformManager: Display: Loaded TargetPlatform 'TVOS'
[2020.11.04-18.40.12:854][  0]LogTargetPlatformManager: Display: Loaded TargetPlatform 'WindowsNoEditor'
[2020.11.04-18.40.12:862][  0]LogTargetPlatformManager: Display: Loaded TargetPlatform 'Windows'
[2020.11.04-18.40.12:869][  0]LogTargetPlatformManager: Display: Loaded TargetPlatform 'WindowsClient'
[2020.11.04-18.40.12:877][  0]LogTargetPlatformManager: Display: Loaded TargetPlatform 'WindowsServer'
[2020.11.04-18.40.12:877][  0]LogTargetPlatformManager: Display: Building Assets For Windows
[2020.11.04-18.40.12:882][  0]LogAudioDebug: Display: Lib vorbis DLL was dynamically loaded.
[2020.11.04-18.40.12:929][  0]LogShaderCompilers: Guid format shader working directory is 9 characters bigger than the processId version (D:/Epic games/UEprojects/Gamedesign3/Intermediate/Shaders/WorkingDirectory/12284/).
[2020.11.04-18.40.12:929][  0]LogShaderCompilers: Cleaned the shader compiler working directory 'C:/Users/mikae/AppData/Local/Temp/UnrealShaderWorkingDir/185A65BE42EF7FE5007752A4CED080BA/'.
[2020.11.04-18.40.12:929][  0]LogXGEController: Cleaning working directory: C:/Users/mikae/AppData/Local/Temp/UnrealXGEWorkingDir/
[2020.11.04-18.40.12:929][  0]LogXGEController: Cannot use XGE Controller as Incredibuild is not installed on this machine.
[2020.11.04-18.40.12:930][  0]LogShaderCompilers: Cannot use XGE Shader Compiler as Incredibuild is not installed on this machine.
[2020.11.04-18.40.12:930][  0]LogShaderCompilers: Display: Using Local Shader Compiler.
[2020.11.04-18.40.13:504][  0]LogDerivedDataCache: Display: Max Cache Size: 512 MB
[2020.11.04-18.40.13:548][  0]LogDerivedDataCache: Loaded boot cache 0.04s 75MB C:/Users/mikae/AppData/Local/UnrealEngine/4.25/DerivedDataCache/Boot.ddc.
[2020.11.04-18.40.13:548][  0]LogDerivedDataCache: Display: Loaded Boot cache: C:/Users/mikae/AppData/Local/UnrealEngine/4.25/DerivedDataCache/Boot.ddc
[2020.11.04-18.40.13:548][  0]LogDerivedDataCache: FDerivedDataBackendGraph:  Pak pak cache file D:/Epic games/UEprojects/Gamedesign3/DerivedDataCache/DDC.ddp not found, will not use a pak cache.
[2020.11.04-18.40.13:548][  0]LogDerivedDataCache: Unable to find inner node Pak for hierarchical cache Hierarchy.
[2020.11.04-18.40.13:548][  0]LogDerivedDataCache: FDerivedDataBackendGraph:  CompressedPak pak cache file D:/Epic games/UEprojects/Gamedesign3/DerivedDataCache/Compressed.ddp not found, will not use a pak cache.
[2020.11.04-18.40.13:548][  0]LogDerivedDataCache: Unable to find inner node CompressedPak for hierarchical cache Hierarchy.
[2020.11.04-18.40.13:556][  0]LogDerivedDataCache: Display: Pak cache opened for reading ../../../Engine/DerivedDataCache/Compressed.ddp.
[2020.11.04-18.40.13:556][  0]LogDerivedDataCache: FDerivedDataBackendGraph:  EnterprisePak pak cache file ../../../Enterprise/DerivedDataCache/Compressed.ddp not found, will not use a pak cache.
[2020.11.04-18.40.13:556][  0]LogDerivedDataCache: Unable to find inner node EnterprisePak for hierarchical cache Hierarchy.
[2020.11.04-18.40.13:557][  0]LogDerivedDataCache: Using Local data cache path C:/Users/mikae/AppData/Local/UnrealEngine/Common/DerivedDataCache: Writable
[2020.11.04-18.40.13:557][  0]LogDerivedDataCache: Shared data cache path not found in *engine.ini, will not use an Shared cache.
[2020.11.04-18.40.13:557][  0]LogDerivedDataCache: Unable to find inner node Shared for hierarchical cache Hierarchy.
[2020.11.04-18.40.13:597][  0]LogSlate: Using FreeType 2.10.0
[2020.11.04-18.40.13:598][  0]LogSlate: SlateFontServices - WITH_FREETYPE: 1, WITH_HARFBUZZ: 1
[2020.11.04-18.40.13:620][  0]LogAssetRegistry: FAssetRegistry took 0.0023 seconds to start up
[2020.11.04-18.40.13:789][  0]LogInit: Selected Device Profile: [Windows]
[2020.11.04-18.40.13:877][  0]LogMeshReduction: Using QuadricMeshReduction for automatic static mesh reduction
[2020.11.04-18.40.13:877][  0]LogMeshReduction: Using SimplygonMeshReduction for automatic skeletal mesh reduction
[2020.11.04-18.40.13:877][  0]LogMeshReduction: Using ProxyLODMeshReduction for automatic mesh merging
[2020.11.04-18.40.13:877][  0]LogMeshReduction: No distributed automatic mesh merging module available
[2020.11.04-18.40.13:877][  0]LogMeshMerging: No distributed automatic mesh merging module available
[2020.11.04-18.40.13:889][  0]LogNetVersion: Gamedesign3 1.0.0, NetCL: 13144385, EngineNetVer: 14, GameNetVer: 0 (Checksum: 4161321052)
[2020.11.04-18.40.14:232][  0]LogAISub: UAISubsystem::UAISubsystem AISubsystem (000001BE7CF877C0), frame # 0
[2020.11.04-18.40.14:232][  0]LogAISub: UAISubsystem::UAISubsystem AIPerceptionSystem (000001BE7CF991C0), frame # 0
[2020.11.04-18.40.14:233][  0]LogAISub: UAISubsystem::UAISubsystem EnvQueryManager (000001BE7D004800), frame # 0
[2020.11.04-18.40.14:282][  0]LogPackageLocalizationCache: Processed 19 localized package path(s) for 1 prioritized culture(s) in 0.044032 seconds
[2020.11.04-18.40.14:286][  0]LogUObjectArray: 15756 objects as part of root set at end of initial load.
[2020.11.04-18.40.14:286][  0]LogUObjectAllocator: 3925280 out of 0 bytes used by permanent object pool.
[2020.11.04-18.40.14:286][  0]LogUObjectArray: CloseDisregardForGC: 0/0 objects in disregard for GC pool
[2020.11.04-18.40.14:564][  0]LogSubstanceCoreModule: Substance [CPU] Engine Loaded, Max Texture Size = 2048
[2020.11.04-18.40.14:568][  0]LogTcpMessaging: Initializing TcpMessaging bridge
[2020.11.04-18.40.14:571][  0]LogUdpMessaging: Initializing bridge on interface 25.72.110.25:0 to multicast group 230.0.0.1:6666.
[2020.11.04-18.40.14:571][  0]FUdpSocketBuilder: Failed to bind UdpMessageUnicastSocket to 25.72.110.25:0
[2020.11.04-18.40.14:571][  0]FUdpSocketBuilder: Failed to configure multicast for UdpMessageUnicastSocket (loopback: 1, ttl: 1)
[2020.11.04-18.40.14:571][  0]FUdpSocketBuilder: Failed to create and initialize socket UdpMessageUnicastSocket (last error: 0)
[2020.11.04-18.40.14:571][  0]LogUdpMessaging: Error: StartTransport failed to create unicast socket on 25.72.110.25:0
[2020.11.04-18.40.14:649][  0]SourceControl: Source control is disabled
[2020.11.04-18.40.15:077][  0]LogAndroidPermission: UAndroidPermissionCallbackProxy::GetInstance
[2020.11.04-18.40.15:092][  0]LogAudioCaptureCore: Display: No Audio Capture implementations found. Audio input will be silent.
[2020.11.04-18.40.15:092][  0]LogAudioCaptureCore: Display: No Audio Capture implementations found. Audio input will be silent.
[2020.11.04-18.40.15:200][  0]LogEngine: Initializing Engine...
[2020.11.04-18.40.15:201][  0]LogMagicLeap: Warning: VR disabled because ZI is not enabled.  To enable, in the editor, Edit -> Project Settings -> Plugins -> Magic Leap Plugin -> Enable Zero Iteration
[2020.11.04-18.40.15:203][  0]LogStats: UGameplayTagsManager::InitializeManager -  0.000 s
[2020.11.04-18.40.15:294][  0]LogInit: Initializing FReadOnlyCVARCache
[2020.11.04-18.40.15:299][  0]LogAIModule: Creating AISystem for world Untitled
[2020.11.04-18.40.15:299][  0]LogAISub: UAISubsystem::UAISubsystem EnvQueryManager (000001BE00D23C00), frame # 0
[2020.11.04-18.40.15:299][  0]LogAISub: UAISubsystem::UAISubsystem AIPerceptionSystem (000001BE00D5ED40), frame # 0
[2020.11.04-18.40.15:326][  0]LogAudioMixer: Display: Audio Mixer Platform Settings:
[2020.11.04-18.40.15:326][  0]LogAudioMixer: Display: 	Sample Rate:						  48000
[2020.11.04-18.40.15:326][  0]LogAudioMixer: Display: 	Callback Buffer Frame Size Requested: 1024
[2020.11.04-18.40.15:326][  0]LogAudioMixer: Display: 	Callback Buffer Frame Size To Use:	  1024
[2020.11.04-18.40.15:326][  0]LogAudioMixer: Display: 	Number of buffers to queue:			  2
[2020.11.04-18.40.15:326][  0]LogAudioMixer: Display: 	Max Channels (voices):				  32
[2020.11.04-18.40.15:326][  0]LogAudioMixer: Display: 	Number of Async Source Workers:		  0
[2020.11.04-18.40.15:326][  0]LogAudio: Display: AudioDevice MaxSources: 32
[2020.11.04-18.40.15:326][  0]LogAudio: Display: Using built-in audio occlusion.
[2020.11.04-18.40.15:326][  0]LogAudioMixer: Display: Initializing audio mixer.
[2020.11.04-18.40.15:341][  0]LogAudioMixer: Display: 0: FrontLeft
[2020.11.04-18.40.15:341][  0]LogAudioMixer: Display: 1: FrontRight
[2020.11.04-18.40.15:341][  0]LogAudioMixer: Display: 2: FrontCenter
[2020.11.04-18.40.15:341][  0]LogAudioMixer: Display: 3: LowFrequency
[2020.11.04-18.40.15:341][  0]LogAudioMixer: Display: 4: BackLeft
[2020.11.04-18.40.15:341][  0]LogAudioMixer: Display: 5: BackRight
[2020.11.04-18.40.15:341][  0]LogAudioMixer: Display: 6: SideLeft
[2020.11.04-18.40.15:341][  0]LogAudioMixer: Display: 7: SideRight
[2020.11.04-18.40.15:374][  0]LogAudioMixer: Display: Using Audio Device Høyttalere (Logitech PRO X Gaming Headset)
[2020.11.04-18.40.15:378][  0]LogAudioMixer: Display: Initializing Sound Submixes...
[2020.11.04-18.40.15:380][  0]LogAudioMixer: Display: Creating Master Submix 'MasterSubmixDefault'
[2020.11.04-18.40.15:380][  0]LogAudioMixer: Display: Creating Master Submix 'MasterReverbSubmixDefault'
[2020.11.04-18.40.15:381][  0]LogAudioMixer: Display: Creating Master Submix 'MasterEQSubmixDefault'
[2020.11.04-18.40.15:381][  0]LogInit: FAudioDevice initialized.
[2020.11.04-18.40.15:382][  0]LogNetVersion: Set ProjectVersion to 1.0.0.0. Version Checksum will be recalculated on next use.
[2020.11.04-18.40.15:418][  0]LogDerivedDataCache: Saved boot cache 0.04s 75MB C:/Users/mikae/AppData/Local/UnrealEngine/4.25/DerivedDataCache/Boot.ddc.
[2020.11.04-18.40.15:425][  0]LogInit: Texture streaming: Enabled
[2020.11.04-18.40.15:437][  0]LogEngineSessionManager: EngineSessionManager initialized
[2020.11.04-18.40.15:437][  0]LogEditorSessionSummary: Verbose: Initializing EditorSessionSummaryWriter for editor session tracking
[2020.11.04-18.40.15:439][  0]LogEditorSessionSummary: EditorSessionSummaryWriter initialized
[2020.11.04-18.40.15:487][  0]LogInit: Transaction tracking system initialized
[2020.11.04-18.40.15:502][  0]BlueprintLog: New page: Editor Load
[2020.11.04-18.40.15:548][  0]LocalizationService: Localization service is disabled
[2020.11.04-18.40.15:662][  0]LogCook: Display: Max memory allowance for cook 16384mb min free memory 0mb
[2020.11.04-18.40.15:662][  0]LogCook: Display: Mobile HDR setting 1
[2020.11.04-18.40.15:772][  0]LogFileCache: Scanning file cache for directory 'D:/Epic games/UEprojects/Gamedesign3/Content/' took 0.01s
[2020.11.04-18.40.15:773][  0]LogUnrealEdMisc: Loading editor; pre map load, took 5.353
[2020.11.04-18.40.15:773][  0]Cmd: MAP LOAD FILE="D:/Epic games/UEprojects/Gamedesign3/Content/ThirdPersonBP/Maps/ThirdPersonExampleMap.umap" TEMPLATE=0 SHOWPROGRESS=1 FEATURELEVEL=3
[2020.11.04-18.40.15:773][  0]LightingResults: New page: Lighting Build
[2020.11.04-18.40.15:773][  0]LogWorld: UWorld::CleanupWorld for Untitled, bSessionEnded=true, bCleanupResources=true
[2020.11.04-18.40.15:773][  0]LogSlate: InvalidateAllWidgets triggered.  All widgets were invalidated
[2020.11.04-18.40.15:774][  0]MapCheck: New page: Map Check
[2020.11.04-18.40.15:774][  0]LightingResults: New page: Lighting Build
[2020.11.04-18.40.15:783][  0]LogAISub: UAISubsystem::~UAISubsystem EnvQueryManager (000001BE00D23C00), frame # 0
[2020.11.04-18.40.15:783][  0]LogAISub: UAISubsystem::~UAISubsystem AIPerceptionSystem (000001BE00D5ED40), frame # 0
[2020.11.04-18.40.15:783][  0]LogUObjectHash: Compacting FUObjectHashTables data took   0.51ms
[2020.11.04-18.40.15:916][  0]LogLinker: Warning: While loading 'D:/Epic games/UEprojects/Gamedesign3/Content/InfinityBladeWeapons/Weapons/Blade/Swords/Blade_HeroSword16/M_Blade_HeroSword16.uasset' failed to load '/Game/InfinityBladeWeapons/Weapons/Blade/Swords/Blade_HeroSword16/T_Blade_HeroSword161_D': Can't find file.
[2020.11.04-18.40.15:916][  0]LoadErrors: Failed to load /Game/GAD03/BPs/Weapons/GAD03_MinionWeapon.GAD03_MinionWeapon_C Referenced by SwordMinion_GEN_VARIABLE
[2020.11.04-18.40.15:916][  0]LogLinker: Warning: While loading 'D:/Epic games/UEprojects/Gamedesign3/Content/InfinityBladeWeapons/Weapons/Blade/Swords/Blade_HeroSword16/M_Blade_HeroSword16.uasset' failed to load '/Game/InfinityBladeWeapons/Weapons/Blade/Swords/Blade_HeroSword16/T_Blade_HeroSword161_D': Can't find file.
[2020.11.04-18.40.15:916][  0]LoadErrors: Failed to load /Game/GAD03/BPs/Weapons/GAD03_MinionWeapon.GAD03_MinionWeapon_C Referenced by SwordMinion_GEN_VARIABLE
[2020.11.04-18.40.15:916][  0]LogLinker: Warning: While loading 'D:/Epic games/UEprojects/Gamedesign3/Content/InfinityBladeWeapons/Weapons/Blade/Swords/Blade_HeroSword16/M_Blade_HeroSword16.uasset' failed to load '/Game/InfinityBladeWeapons/Weapons/Blade/Swords/Blade_HeroSword16/T_Blade_HeroSword161_M': Can't find file.
[2020.11.04-18.40.15:916][  0]LoadErrors: Failed to load /Game/GAD03/BPs/Weapons/GAD03_MinionWeapon.GAD03_MinionWeapon_C Referenced by SwordMinion_GEN_VARIABLE
[2020.11.04-18.40.15:916][  0]LogLinker: Warning: While loading 'D:/Epic games/UEprojects/Gamedesign3/Content/InfinityBladeWeapons/Weapons/Blade/Swords/Blade_HeroSword16/M_Blade_HeroSword16.uasset' failed to load '/Game/InfinityBladeWeapons/Weapons/Blade/Swords/Blade_HeroSword16/T_Blade_HeroSword161_M': Can't find file.
[2020.11.04-18.40.15:916][  0]LoadErrors: Failed to load /Game/GAD03/BPs/Weapons/GAD03_MinionWeapon.GAD03_MinionWeapon_C Referenced by SwordMinion_GEN_VARIABLE
[2020.11.04-18.40.15:916][  0]LogLinker: Warning: While loading 'D:/Epic games/UEprojects/Gamedesign3/Content/InfinityBladeWeapons/Weapons/Blade/Swords/Blade_HeroSword16/M_Blade_HeroSword16.uasset' failed to load '/Game/InfinityBladeWeapons/Weapons/Blade/Swords/Blade_HeroSword16/T_Blade_HeroSword161_N': Can't find file.
[2020.11.04-18.40.15:916][  0]LoadErrors: Failed to load /Game/GAD03/BPs/Weapons/GAD03_MinionWeapon.GAD03_MinionWeapon_C Referenced by SwordMinion_GEN_VARIABLE
[2020.11.04-18.40.15:916][  0]LogLinker: Warning: While loading 'D:/Epic games/UEprojects/Gamedesign3/Content/InfinityBladeWeapons/Weapons/Blade/Swords/Blade_HeroSword16/M_Blade_HeroSword16.uasset' failed to load '/Game/InfinityBladeWeapons/Weapons/Blade/Swords/Blade_HeroSword16/T_Blade_HeroSword161_N': Can't find file.
[2020.11.04-18.40.15:916][  0]LoadErrors: Failed to load /Game/GAD03/BPs/Weapons/GAD03_MinionWeapon.GAD03_MinionWeapon_C Referenced by SwordMinion_GEN_VARIABLE
[2020.11.04-18.40.15:917][  0]LogLinker: Warning: While loading 'D:/Epic games/UEprojects/Gamedesign3/Content/InfinityBladeWeapons/Weapons/Blade/Swords/Blade_HeroSword16/M_Blade_HeroSword16.uasset' failed to load '/Game/InfinityBladeWeapons/Weapons/Blade/Swords/Blade_HeroSword16/T_Blade_HeroSword162_D': Can't find file.
[2020.11.04-18.40.15:917][  0]LoadErrors: Failed to load /Game/GAD03/BPs/Weapons/GAD03_MinionWeapon.GAD03_MinionWeapon_C Referenced by SwordMinion_GEN_VARIABLE
[2020.11.04-18.40.15:917][  0]LogLinker: Warning: While loading 'D:/Epic games/UEprojects/Gamedesign3/Content/InfinityBladeWeapons/Weapons/Blade/Swords/Blade_HeroSword16/M_Blade_HeroSword16.uasset' failed to load '/Game/InfinityBladeWeapons/Weapons/Blade/Swords/Blade_HeroSword16/T_Blade_HeroSword162_D': Can't find file.
[2020.11.04-18.40.15:917][  0]LoadErrors: Failed to load /Game/GAD03/BPs/Weapons/GAD03_MinionWeapon.GAD03_MinionWeapon_C Referenced by SwordMinion_GEN_VARIABLE
[2020.11.04-18.40.15:917][  0]LogLinker: Warning: While loading 'D:/Epic games/UEprojects/Gamedesign3/Content/InfinityBladeWeapons/Weapons/Blade/Swords/Blade_HeroSword16/M_Blade_HeroSword16.uasset' failed to load '/Game/InfinityBladeWeapons/Weapons/Blade/Swords/Blade_HeroSword16/T_Blade_HeroSword162_M': Can't find file.
[2020.11.04-18.40.15:917][  0]LoadErrors: Failed to load /Game/GAD03/BPs/Weapons/GAD03_MinionWeapon.GAD03_MinionWeapon_C Referenced by SwordMinion_GEN_VARIABLE
[2020.11.04-18.40.15:917][  0]LogLinker: Warning: While loading 'D:/Epic games/UEprojects/Gamedesign3/Content/InfinityBladeWeapons/Weapons/Blade/Swords/Blade_HeroSword16/M_Blade_HeroSword16.uasset' failed to load '/Game/InfinityBladeWeapons/Weapons/Blade/Swords/Blade_HeroSword16/T_Blade_HeroSword162_M': Can't find file.
[2020.11.04-18.40.15:917][  0]LoadErrors: Failed to load /Game/GAD03/BPs/Weapons/GAD03_MinionWeapon.GAD03_MinionWeapon_C Referenced by SwordMinion_GEN_VARIABLE
[2020.11.04-18.40.15:917][  0]LogLinker: Warning: While loading 'D:/Epic games/UEprojects/Gamedesign3/Content/InfinityBladeWeapons/Weapons/Blade/Swords/Blade_HeroSword16/M_Blade_HeroSword16.uasset' failed to load '/Game/InfinityBladeWeapons/Weapons/Blade/Swords/Blade_HeroSword16/T_Blade_HeroSword162_N': Can't find file.
[2020.11.04-18.40.15:917][  0]LoadErrors: Failed to load /Game/GAD03/BPs/Weapons/GAD03_MinionWeapon.GAD03_MinionWeapon_C Referenced by SwordMinion_GEN_VARIABLE
[2020.11.04-18.40.15:917][  0]LogLinker: Warning: While loading 'D:/Epic games/UEprojects/Gamedesign3/Content/InfinityBladeWeapons/Weapons/Blade/Swords/Blade_HeroSword16/M_Blade_HeroSword16.uasset' failed to load '/Game/InfinityBladeWeapons/Weapons/Blade/Swords/Blade_HeroSword16/T_Blade_HeroSword162_N': Can't find file.
[2020.11.04-18.40.15:917][  0]LoadErrors: Failed to load /Game/GAD03/BPs/Weapons/GAD03_MinionWeapon.GAD03_MinionWeapon_C Referenced by SwordMinion_GEN_VARIABLE
[2020.11.04-18.40.15:917][  0]LogLinker: Warning: While loading 'D:/Epic games/UEprojects/Gamedesign3/Content/InfinityBladeWeapons/Weapons/Blade/Swords/Blade_HeroSword16/M_Blade_HeroSword16.uasset' failed to load '/Game/InfinityBladeWeapons/Weapons/Blade/Swords/Blade_HeroSword16/T_Blade_HeroSword161_D': Can't find file.
[2020.11.04-18.40.15:917][  0]LoadErrors: Failed to load /Game/GAD03/BPs/Weapons/GAD03_MinionWeapon.GAD03_MinionWeapon_C Referenced by SwordMinion_GEN_VARIABLE
[2020.11.04-18.40.15:917][  0]LogLinker: Warning: While loading 'D:/Epic games/UEprojects/Gamedesign3/Content/InfinityBladeWeapons/Weapons/Blade/Swords/Blade_HeroSword16/M_Blade_HeroSword16.uasset' failed to load '/Game/InfinityBladeWeapons/Weapons/Blade/Swords/Blade_HeroSword16/T_Blade_HeroSword161_D': Can't find file.
[2020.11.04-18.40.15:917][  0]LoadErrors: Failed to load /Game/GAD03/BPs/Weapons/GAD03_MinionWeapon.GAD03_MinionWeapon_C Referenced by SwordMinion_GEN_VARIABLE
[2020.11.04-18.40.15:917][  0]LogLinker: Warning: While loading 'D:/Epic games/UEprojects/Gamedesign3/Content/InfinityBladeWeapons/Weapons/Blade/Swords/Blade_HeroSword16/M_Blade_HeroSword16.uasset' failed to load '/Game/InfinityBladeWeapons/Weapons/Blade/Swords/Blade_HeroSword16/T_Blade_HeroSword161_M': Can't find file.
[2020.11.04-18.40.15:917][  0]LoadErrors: Failed to load /Game/GAD03/BPs/Weapons/GAD03_MinionWeapon.GAD03_MinionWeapon_C Referenced by SwordMinion_GEN_VARIABLE
[2020.11.04-18.40.15:917][  0]LogLinker: Warning: While loading 'D:/Epic games/UEprojects/Gamedesign3/Content/InfinityBladeWeapons/Weapons/Blade/Swords/Blade_HeroSword16/M_Blade_HeroSword16.uasset' failed to load '/Game/InfinityBladeWeapons/Weapons/Blade/Swords/Blade_HeroSword16/T_Blade_HeroSword161_M': Can't find file.
[2020.11.04-18.40.15:917][  0]LoadErrors: Failed to load /Game/GAD03/BPs/Weapons/GAD03_MinionWeapon.GAD03_MinionWeapon_C Referenced by SwordMinion_GEN_VARIABLE
[2020.11.04-18.40.15:917][  0]LogLinker: Warning: While loading 'D:/Epic games/UEprojects/Gamedesign3/Content/InfinityBladeWeapons/Weapons/Blade/Swords/Blade_HeroSword16/M_Blade_HeroSword16.uasset' failed to load '/Game/InfinityBladeWeapons/Weapons/Blade/Swords/Blade_HeroSword16/T_Blade_HeroSword161_N': Can't find file.
[2020.11.04-18.40.15:917][  0]LoadErrors: Failed to load /Game/GAD03/BPs/Weapons/GAD03_MinionWeapon.GAD03_MinionWeapon_C Referenced by SwordMinion_GEN_VARIABLE
[2020.11.04-18.40.15:918][  0]LogLinker: Warning: While loading 'D:/Epic games/UEprojects/Gamedesign3/Content/InfinityBladeWeapons/Weapons/Blade/Swords/Blade_HeroSword16/M_Blade_HeroSword16.uasset' failed to load '/Game/InfinityBladeWeapons/Weapons/Blade/Swords/Blade_HeroSword16/T_Blade_HeroSword161_N': Can't find file.
[2020.11.04-18.40.15:918][  0]LoadErrors: Failed to load /Game/GAD03/BPs/Weapons/GAD03_MinionWeapon.GAD03_MinionWeapon_C Referenced by SwordMinion_GEN_VARIABLE
[2020.11.04-18.40.15:918][  0]LogLinker: Warning: While loading 'D:/Epic games/UEprojects/Gamedesign3/Content/InfinityBladeWeapons/Weapons/Blade/Swords/Blade_HeroSword16/M_Blade_HeroSword16.uasset' failed to load '/Game/InfinityBladeWeapons/Weapons/Blade/Swords/Blade_HeroSword16/T_Blade_HeroSword162_D': Can't find file.
[2020.11.04-18.40.15:918][  0]LoadErrors: Failed to load /Game/GAD03/BPs/Weapons/GAD03_MinionWeapon.GAD03_MinionWeapon_C Referenced by SwordMinion_GEN_VARIABLE
[2020.11.04-18.40.15:918][  0]LogLinker: Warning: While loading 'D:/Epic games/UEprojects/Gamedesign3/Content/InfinityBladeWeapons/Weapons/Blade/Swords/Blade_HeroSword16/M_Blade_HeroSword16.uasset' failed to load '/Game/InfinityBladeWeapons/Weapons/Blade/Swords/Blade_HeroSword16/T_Blade_HeroSword162_D': Can't find file.
[2020.11.04-18.40.15:918][  0]LoadErrors: Failed to load /Game/GAD03/BPs/Weapons/GAD03_MinionWeapon.GAD03_MinionWeapon_C Referenced by SwordMinion_GEN_VARIABLE
[2020.11.04-18.40.15:918][  0]LogLinker: Warning: While loading 'D:/Epic games/UEprojects/Gamedesign3/Content/InfinityBladeWeapons/Weapons/Blade/Swords/Blade_HeroSword16/M_Blade_HeroSword16.uasset' failed to load '/Game/InfinityBladeWeapons/Weapons/Blade/Swords/Blade_HeroSword16/T_Blade_HeroSword162_M': Can't find file.
[2020.11.04-18.40.15:918][  0]LoadErrors: Failed to load /Game/GAD03/BPs/Weapons/GAD03_MinionWeapon.GAD03_MinionWeapon_C Referenced by SwordMinion_GEN_VARIABLE
[2020.11.04-18.40.15:918][  0]LogLinker: Warning: While loading 'D:/Epic games/UEprojects/Gamedesign3/Content/InfinityBladeWeapons/Weapons/Blade/Swords/Blade_HeroSword16/M_Blade_HeroSword16.uasset' failed to load '/Game/InfinityBladeWeapons/Weapons/Blade/Swords/Blade_HeroSword16/T_Blade_HeroSword162_M': Can't find file.
[2020.11.04-18.40.15:918][  0]LoadErrors: Failed to load /Game/GAD03/BPs/Weapons/GAD03_MinionWeapon.GAD03_MinionWeapon_C Referenced by SwordMinion_GEN_VARIABLE
[2020.11.04-18.40.15:918][  0]LogLinker: Warning: While loading 'D:/Epic games/UEprojects/Gamedesign3/Content/InfinityBladeWeapons/Weapons/Blade/Swords/Blade_HeroSword16/M_Blade_HeroSword16.uasset' failed to load '/Game/InfinityBladeWeapons/Weapons/Blade/Swords/Blade_HeroSword16/T_Blade_HeroSword162_N': Can't find file.
[2020.11.04-18.40.15:918][  0]LoadErrors: Failed to load /Game/GAD03/BPs/Weapons/GAD03_MinionWeapon.GAD03_MinionWeapon_C Referenced by SwordMinion_GEN_VARIABLE
[2020.11.04-18.40.15:918][  0]LogLinker: Warning: While loading 'D:/Epic games/UEprojects/Gamedesign3/Content/InfinityBladeWeapons/Weapons/Blade/Swords/Blade_HeroSword16/M_Blade_HeroSword16.uasset' failed to load '/Game/InfinityBladeWeapons/Weapons/Blade/Swords/Blade_HeroSword16/T_Blade_HeroSword162_N': Can't find file.
[2020.11.04-18.40.15:918][  0]LoadErrors: Failed to load /Game/GAD03/BPs/Weapons/GAD03_MinionWeapon.GAD03_MinionWeapon_C Referenced by SwordMinion_GEN_VARIABLE
[2020.11.04-18.40.16:023][  0]LogLinker: Warning: While loading 'D:/Epic games/UEprojects/Gamedesign3/Content/InfinityBladeWeapons/Weapons/Blade/Swords/Blade_HeroSword16/M_Blade_HeroSword16.uasset' failed to load '/Game/InfinityBladeWeapons/Weapons/Blade/Swords/Blade_HeroSword16/T_Blade_HeroSword161_M': Can't find file.
[2020.11.04-18.40.16:024][  0]LoadErrors: Failed to load /Game/InfinityBladeWeapons/Weapons/Blade/Swords/Blade_HeroSword16/T_Blade_HeroSword161_M.T_Blade_HeroSword161_M Referenced by MaterialExpressionTextureSample_32
[2020.11.04-18.40.16:024][  0]LogLinker: Warning: While loading 'D:/Epic games/UEprojects/Gamedesign3/Content/InfinityBladeWeapons/Weapons/Blade/Swords/Blade_HeroSword16/M_Blade_HeroSword16.uasset' failed to load '/Game/InfinityBladeWeapons/Weapons/Blade/Swords/Blade_HeroSword16/T_Blade_HeroSword161_M': Can't find file.
[2020.11.04-18.40.16:024][  0]LoadErrors: Failed to load /Game/InfinityBladeWeapons/Weapons/Blade/Swords/Blade_HeroSword16/T_Blade_HeroSword161_M.T_Blade_HeroSword161_M Referenced by MaterialExpressionTextureSample_32
[2020.11.04-18.40.16:024][  0]LogLinker: Warning: While loading 'D:/Epic games/UEprojects/Gamedesign3/Content/InfinityBladeWeapons/Weapons/Blade/Swords/Blade_HeroSword16/M_Blade_HeroSword16.uasset' failed to load '/Game/InfinityBladeWeapons/Weapons/Blade/Swords/Blade_HeroSword16/T_Blade_HeroSword162_M': Can't find file.
[2020.11.04-18.40.16:024][  0]LoadErrors: Failed to load /Game/InfinityBladeWeapons/Weapons/Blade/Swords/Blade_HeroSword16/T_Blade_HeroSword162_M.T_Blade_HeroSword162_M Referenced by MaterialExpressionTextureSample_33
[2020.11.04-18.40.16:024][  0]LogLinker: Warning: While loading 'D:/Epic games/UEprojects/Gamedesign3/Content/InfinityBladeWeapons/Weapons/Blade/Swords/Blade_HeroSword16/M_Blade_HeroSword16.uasset' failed to load '/Game/InfinityBladeWeapons/Weapons/Blade/Swords/Blade_HeroSword16/T_Blade_HeroSword162_M': Can't find file.
[2020.11.04-18.40.16:024][  0]LoadErrors: Failed to load /Game/InfinityBladeWeapons/Weapons/Blade/Swords/Blade_HeroSword16/T_Blade_HeroSword162_M.T_Blade_HeroSword162_M Referenced by MaterialExpressionTextureSample_33
[2020.11.04-18.40.16:024][  0]LogLinker: Warning: While loading 'D:/Epic games/UEprojects/Gamedesign3/Content/InfinityBladeWeapons/Weapons/Blade/Swords/Blade_HeroSword16/M_Blade_HeroSword16.uasset' failed to load '/Game/InfinityBladeWeapons/Weapons/Blade/Swords/Blade_HeroSword16/T_Blade_HeroSword161_D': Can't find file.
[2020.11.04-18.40.16:024][  0]LoadErrors: Failed to load /Game/InfinityBladeWeapons/Weapons/Blade/Swords/Blade_HeroSword16/T_Blade_HeroSword161_D.T_Blade_HeroSword161_D Referenced by MaterialExpressionTextureSampleParameter2D_0
[2020.11.04-18.40.16:024][  0]LogLinker: Warning: While loading 'D:/Epic games/UEprojects/Gamedesign3/Content/InfinityBladeWeapons/Weapons/Blade/Swords/Blade_HeroSword16/M_Blade_HeroSword16.uasset' failed to load '/Game/InfinityBladeWeapons/Weapons/Blade/Swords/Blade_HeroSword16/T_Blade_HeroSword161_D': Can't find file.
[2020.11.04-18.40.16:024][  0]LoadErrors: Failed to load /Game/InfinityBladeWeapons/Weapons/Blade/Swords/Blade_HeroSword16/T_Blade_HeroSword161_D.T_Blade_HeroSword161_D Referenced by MaterialExpressionTextureSampleParameter2D_0
[2020.11.04-18.40.16:024][  0]LogLinker: Warning: While loading 'D:/Epic games/UEprojects/Gamedesign3/Content/InfinityBladeWeapons/Weapons/Blade/Swords/Blade_HeroSword16/M_Blade_HeroSword16.uasset' failed to load '/Game/InfinityBladeWeapons/Weapons/Blade/Swords/Blade_HeroSword16/T_Blade_HeroSword162_D': Can't find file.
[2020.11.04-18.40.16:024][  0]LoadErrors: Failed to load /Game/InfinityBladeWeapons/Weapons/Blade/Swords/Blade_HeroSword16/T_Blade_HeroSword162_D.T_Blade_HeroSword162_D Referenced by MaterialExpressionTextureSampleParameter2D_1
[2020.11.04-18.40.16:024][  0]LogLinker: Warning: While loading 'D:/Epic games/UEprojects/Gamedesign3/Content/InfinityBladeWeapons/Weapons/Blade/Swords/Blade_HeroSword16/M_Blade_HeroSword16.uasset' failed to load '/Game/InfinityBladeWeapons/Weapons/Blade/Swords/Blade_HeroSword16/T_Blade_HeroSword162_D': Can't find file.
[2020.11.04-18.40.16:024][  0]LoadErrors: Failed to load /Game/InfinityBladeWeapons/Weapons/Blade/Swords/Blade_HeroSword16/T_Blade_HeroSword162_D.T_Blade_HeroSword162_D Referenced by MaterialExpressionTextureSampleParameter2D_1
[2020.11.04-18.40.16:024][  0]LogLinker: Warning: While loading 'D:/Epic games/UEprojects/Gamedesign3/Content/InfinityBladeWeapons/Weapons/Blade/Swords/Blade_HeroSword16/M_Blade_HeroSword16.uasset' failed to load '/Game/InfinityBladeWeapons/Weapons/Blade/Swords/Blade_HeroSword16/T_Blade_HeroSword161_N': Can't find file.
[2020.11.04-18.40.16:024][  0]LoadErrors: Failed to load /Game/InfinityBladeWeapons/Weapons/Blade/Swords/Blade_HeroSword16/T_Blade_HeroSword161_N.T_Blade_HeroSword161_N Referenced by MaterialExpressionTextureSampleParameter2D_2
[2020.11.04-18.40.16:024][  0]LogLinker: Warning: While loading 'D:/Epic games/UEprojects/Gamedesign3/Content/InfinityBladeWeapons/Weapons/Blade/Swords/Blade_HeroSword16/M_Blade_HeroSword16.uasset' failed to load '/Game/InfinityBladeWeapons/Weapons/Blade/Swords/Blade_HeroSword16/T_Blade_HeroSword161_N': Can't find file.
[2020.11.04-18.40.16:024][  0]LoadErrors: Failed to load /Game/InfinityBladeWeapons/Weapons/Blade/Swords/Blade_HeroSword16/T_Blade_HeroSword161_N.T_Blade_HeroSword161_N Referenced by MaterialExpressionTextureSampleParameter2D_2
[2020.11.04-18.40.16:025][  0]LogLinker: Warning: While loading 'D:/Epic games/UEprojects/Gamedesign3/Content/InfinityBladeWeapons/Weapons/Blade/Swords/Blade_HeroSword16/M_Blade_HeroSword16.uasset' failed to load '/Game/InfinityBladeWeapons/Weapons/Blade/Swords/Blade_HeroSword16/T_Blade_HeroSword162_N': Can't find file.
[2020.11.04-18.40.16:025][  0]LoadErrors: Failed to load /Game/InfinityBladeWeapons/Weapons/Blade/Swords/Blade_HeroSword16/T_Blade_HeroSword162_N.T_Blade_HeroSword162_N Referenced by MaterialExpressionTextureSampleParameter2D_3
[2020.11.04-18.40.16:025][  0]LogLinker: Warning: While loading 'D:/Epic games/UEprojects/Gamedesign3/Content/InfinityBladeWeapons/Weapons/Blade/Swords/Blade_HeroSword16/M_Blade_HeroSword16.uasset' failed to load '/Game/InfinityBladeWeapons/Weapons/Blade/Swords/Blade_HeroSword16/T_Blade_HeroSword162_N': Can't find file.
[2020.11.04-18.40.16:025][  0]LoadErrors: Failed to load /Game/InfinityBladeWeapons/Weapons/Blade/Swords/Blade_HeroSword16/T_Blade_HeroSword162_N.T_Blade_HeroSword162_N Referenced by MaterialExpressionTextureSampleParameter2D_3
[2020.11.04-18.40.16:086][  0]LogTexture: Display: Building textures: HUD_Element (BGRA8, 1018X276)
[2020.11.04-18.40.16:108][  0]LogMaterial: Display: Missing cached shader map for material M_Blade_HeroSword16, compiling. 
[2020.11.04-18.40.16:109][  0]LogMaterial: Warning: D:\Epic games\UEprojects\Gamedesign3\Content\InfinityBladeWeapons\Weapons\Blade\Swords\Blade_HeroSword16\M_Blade_HeroSword16.uasset: Failed to compile Material for platform PCD3D_SM5, Default Material will be used in game.
[2020.11.04-18.40.16:109][  0]LogMaterial: Display: 	(Node TextureSampleParameter2D) Param2D> Found NULL, requires Texture2D
[2020.11.04-18.40.16:109][  0]LogMaterial: Display: 	(Node TextureSample) Texture Sample> Missing input texture
[2020.11.04-18.40.16:165][  0]LogMaterial: Display: Material /Game/StarterContent/Materials/M_Wood_Walnut.M_Wood_Walnut needed to have new flag set bUsedWithSkeletalMesh !
[2020.11.04-18.40.16:166][  0]LogMaterial: Display: Missing cached shader map for material M_Wood_Walnut, compiling. 
[2020.11.04-18.40.16:213][  0]MapCheck: Warning: M_Wood_Walnut Material /Game/StarterContent/Materials/M_Wood_Walnut.M_Wood_Walnut was missing the usage flag bUsedWithSkeletalMesh. If the material asset is not re-saved, it may not render correctly when run outside the editor. Fix
[2020.11.04-18.40.16:222][  0]LogShaderCompilers: Display: Worker (1/13): shaders left to compile 48
[2020.11.04-18.40.16:222][  0]LogShaderCompilers: Display: Worker (2/13): shaders left to compile 44
[2020.11.04-18.40.16:222][  0]LogShaderCompilers: Display: Worker (3/13): shaders left to compile 40
[2020.11.04-18.40.16:222][  0]LogShaderCompilers: Display: Worker (4/13): shaders left to compile 36
[2020.11.04-18.40.16:222][  0]LogShaderCompilers: Display: Worker (5/13): shaders left to compile 32
[2020.11.04-18.40.16:222][  0]LogShaderCompilers: Display: Worker (6/13): shaders left to compile 28
[2020.11.04-18.40.16:222][  0]LogShaderCompilers: Display: Worker (7/13): shaders left to compile 24
[2020.11.04-18.40.16:222][  0]LogShaderCompilers: Display: Worker (8/13): shaders left to compile 20
[2020.11.04-18.40.16:222][  0]LogShaderCompilers: Display: Worker (9/13): shaders left to compile 16
[2020.11.04-18.40.16:222][  0]LogShaderCompilers: Display: Worker (10/13): shaders left to compile 12
[2020.11.04-18.40.16:222][  0]LogShaderCompilers: Display: Worker (11/13): shaders left to compile 8
[2020.11.04-18.40.16:222][  0]LogShaderCompilers: Display: Worker (12/13): shaders left to compile 4
[2020.11.04-18.40.16:231][  0]LogEditorServer: Finished looking for orphan Actors (0.000 secs)
[2020.11.04-18.40.16:231][  0]LogAIModule: Creating AISystem for world ThirdPersonExampleMap
[2020.11.04-18.40.16:231][  0]LogAISub: UAISubsystem::UAISubsystem EnvQueryManager (000001BE13D9A000), frame # 0
[2020.11.04-18.40.16:231][  0]LogAISub: UAISubsystem::UAISubsystem AIPerceptionSystem (000001BE13D97100), frame # 0
[2020.11.04-18.40.16:243][  0]LogUObjectHash: Compacting FUObjectHashTables data took   0.74ms
[2020.11.04-18.40.16:243][  0]Cmd: MAP CHECKDEP NOCLEARLOG
[2020.11.04-18.40.16:243][  0]MapCheck: Map check complete: 0 Error(s), 1 Warning(s), took 0.074ms to complete.
[2020.11.04-18.40.16:249][  0]LogFileHelpers: Loading map 'ThirdPersonExampleMap' took 0.476
[2020.11.04-18.40.16:249][  0]LogAssetRegistry: Flushing asset discovery search because of synchronous request, this can take several seconds...
[2020.11.04-18.40.16:263][  0]LogAssetRegistry: Asset discovery search completed in 0.0142 seconds
[2020.11.04-18.40.16:270][  0]LogCollectionManager: Loaded 0 collections in 0.001605 seconds
[2020.11.04-18.40.16:273][  0]LogFileCache: Scanning file cache for directory 'D:/Epic games/UEprojects/Gamedesign3/Saved/Collections/' took 0.00s
[2020.11.04-18.40.16:273][  0]LogFileCache: Scanning file cache for directory 'D:/Epic games/UEprojects/Gamedesign3/Content/Developers/mikae/Collections/' took 0.00s
[2020.11.04-18.40.16:273][  0]LogFileCache: Scanning file cache for directory 'D:/Epic games/UEprojects/Gamedesign3/Content/Collections/' took 0.00s
[2020.11.04-18.40.16:273][  0]LogCollectionManager: Fixed up redirectors for 0 collections in 0.000003 seconds (updated 0 objects)
[2020.11.04-18.40.16:275][  0]LogUnrealEdMisc: Total Editor Startup Time, took 5.855
[2020.11.04-18.40.16:414][  0]LogSlate: Updating window title bar state: overlay mode, drag disabled, window buttons hidden, title bar hidden
[2020.11.04-18.40.16:424][  0]LogSlate: Updating window title bar state: overlay mode, drag disabled, window buttons hidden, title bar hidden
[2020.11.04-18.40.16:436][  0]LogSlate: Updating window title bar state: overlay mode, drag disabled, window buttons hidden, title bar hidden
[2020.11.04-18.40.16:446][  0]LogSlate: Updating window title bar state: overlay mode, drag disabled, window buttons hidden, title bar hidden
[2020.11.04-18.40.16:465][  0]LogContentBrowser: Native class hierarchy populated in 0.0134 seconds. Added 3427 classes and 829 folders.
[2020.11.04-18.40.16:475][  0]LogContentBrowser: Native class hierarchy updated for 'WidgetCarousel' in 0.0004 seconds. Added 0 classes and 0 folders.
[2020.11.04-18.40.16:558][  0]LogContentBrowser: Native class hierarchy updated for 'AddContentDialog' in 0.0004 seconds. Added 0 classes and 0 folders.
[2020.11.04-18.40.16:560][  0]LogContentBrowser: Native class hierarchy updated for 'SceneOutliner' in 0.0005 seconds. Added 2 classes and 0 folders.
[2020.11.04-18.40.16:726][  0]LogContentBrowser: Native class hierarchy updated for 'HierarchicalLODOutliner' in 0.0008 seconds. Added 0 classes and 0 folders.
[2020.11.04-18.40.16:726][  0]LogLoad: (Engine Initialization) Total time: 6.31 seconds
[2020.11.04-18.40.16:726][  0]LogLoad: (Engine Initialization) Total Blueprint compile time: 0.00 seconds
[2020.11.04-18.40.16:769][  0]LogContentStreaming: Texture pool size now 3000 MB
[2020.11.04-18.40.16:833][  0]LogSlate: Took 0.000245 seconds to synchronously load lazily loaded font '../../../Engine/Content/Slate/Fonts/Roboto-Regular.ttf' (155K)
[2020.11.04-18.40.16:835][  0]LogSlate: Took 0.000313 seconds to synchronously load lazily loaded font '../../../Engine/Content/Slate/Fonts/Roboto-Bold.ttf' (160K)
[2020.11.04-18.40.16:841][  0]LogSlate: Took 0.000256 seconds to synchronously load lazily loaded font '../../../Engine/Content/Editor/Slate/Fonts/FontAwesome.ttf' (139K)
[2020.11.04-18.40.17:016][  0]LogRenderer: Reallocating scene render targets to support 1608x796 Format 10 NumSamples 1 (Frame:1).
[2020.11.04-18.40.17:016][  0]LogSlate: Took 0.000520 seconds to synchronously load lazily loaded font '../../../Engine/Content/Slate/Fonts/DroidSansMono.ttf' (77K)
[2020.11.04-18.40.17:089][  1]LogSubstanceLiveLink: Warning: Unable to send data along socket, closing connection
[2020.11.04-18.40.17:791][ 45]LogSlate: Took 0.000336 seconds to synchronously load lazily loaded font '../../../Engine/Content/Slate/Fonts/Roboto-Light.ttf' (167K)
[2020.11.04-18.40.21:845][439]LogSlate: Window 'Message Log' being destroyed
[2020.11.04-18.40.21:854][439]LogSlate: Window 'Message Log' being destroyed
[2020.11.04-18.40.23:171][584]LogAssetEditorSubsystem: Opening Asset editor for Blueprint /Game/GAD03/BPs/NPCs/GAD03_BossNPC.GAD03_BossNPC
[2020.11.04-18.40.23:323][584]LogContentBrowser: Native class hierarchy updated for 'BlueprintGraph' in 0.0005 seconds. Added 125 classes and 0 folders.
[2020.11.04-18.40.24:023][584]LogSlate: Took 0.000128 seconds to synchronously load lazily loaded font '../../../Engine/Content/Slate/Fonts/Roboto-BoldCondensed.ttf' (158K)
[2020.11.04-18.40.24:077][585]LogSlate: Took 0.000120 seconds to synchronously load lazily loaded font '../../../Engine/Content/Slate/Fonts/Roboto-Italic.ttf' (157K)
[2020.11.04-18.41.05:238][316]LogSlate: Window 'GAD03_BossNPC' being destroyed
[2020.11.04-18.41.05:247][316]LogSlate: Window 'GAD03_BossNPC' being destroyed
[2020.11.04-18.41.05:262][316]LogWorld: UWorld::CleanupWorld for World_1, bSessionEnded=true, bCleanupResources=true
[2020.11.04-18.41.05:262][316]LogSlate: InvalidateAllWidgets triggered.  All widgets were invalidated
[2020.11.04-18.57.04:673][453]LogAssetEditorSubsystem: Opening Asset editor for World /Game/GAD03/Maps/BossTestMap.BossTestMap
[2020.11.04-18.57.04:691][453]LogUObjectHash: Compacting FUObjectHashTables data took   1.61ms
[2020.11.04-18.57.04:694][453]Cmd: MAP LOAD FILE="D:/Epic games/UEprojects/Gamedesign3/Content/GAD03/Maps/BossTestMap.umap" TEMPLATE=0 SHOWPROGRESS=1 FEATURELEVEL=3
[2020.11.04-18.57.04:694][453]LightingResults: New page: Lighting Build
[2020.11.04-18.57.04:694][453]LoadErrors: New page: Loading map: BossTestMap.umap
[2020.11.04-18.57.04:731][453]LogWorld: UWorld::CleanupWorld for ThirdPersonExampleMap, bSessionEnded=true, bCleanupResources=true
[2020.11.04-18.57.04:731][453]LogSlate: InvalidateAllWidgets triggered.  All widgets were invalidated
[2020.11.04-18.57.04:731][453]MapCheck: New page: Map Check
[2020.11.04-18.57.04:731][453]LightingResults: New page: Lighting Build
[2020.11.04-18.57.04:747][453]LogAISub: UAISubsystem::~UAISubsystem EnvQueryManager (000001BE13D9A000), frame # 9453
[2020.11.04-18.57.04:747][453]LogAISub: UAISubsystem::~UAISubsystem AIPerceptionSystem (000001BE13D97100), frame # 9453
[2020.11.04-18.57.04:748][453]LogUObjectHash: Compacting FUObjectHashTables data took   1.24ms
[2020.11.04-18.57.04:807][453]LogEditorServer: Finished looking for orphan Actors (0.000 secs)
[2020.11.04-18.57.04:807][453]LogAIModule: Creating AISystem for world BossTestMap
[2020.11.04-18.57.04:807][453]LogAISub: UAISubsystem::UAISubsystem EnvQueryManager (000001BEB22CB400), frame # 9453
[2020.11.04-18.57.04:808][453]LogAISub: UAISubsystem::UAISubsystem AIPerceptionSystem (000001BE13D97D80), frame # 9453
[2020.11.04-18.57.04:822][453]LogUObjectHash: Compacting FUObjectHashTables data took   1.16ms
[2020.11.04-18.57.04:849][453]Cmd: MAP CHECKDEP NOCLEARLOG
[2020.11.04-18.57.04:849][453]MapCheck: Map check complete: 0 Error(s), 0 Warning(s), took 0.069ms to complete.
[2020.11.04-18.57.04:849][453]LogFileHelpers: Loading map 'BossTestMap' took 0.154
[2020.11.04-18.57.07:738][775]LogTemp: Repeating last play command: Selected Viewport
[2020.11.04-18.57.07:752][775]LogPlayLevel: PlayLevel: No blueprints needed recompiling
[2020.11.04-18.57.07:753][775]PIE: New page: PIE session: BossTestMap (4 Nov 2020, 20:57:07)
[2020.11.04-18.57.07:753][775]LogOnline: OSS: Creating online subsystem instance for: NULL
[2020.11.04-18.57.07:754][775]LogOnline: OSS: TryLoadSubsystemAndSetDefault: Loaded subsystem for module [NULL]
[2020.11.04-18.57.07:754][775]LogPlayLevel: Creating play world package: /Game/GAD03/Maps/UEDPIE_0_BossTestMap
[2020.11.04-18.57.07:757][775]LogPlayLevel: PIE: StaticDuplicateObject took: (0.002478s)
[2020.11.04-18.57.07:757][775]LogAIModule: Creating AISystem for world BossTestMap
[2020.11.04-18.57.07:757][775]LogAISub: UAISubsystem::UAISubsystem EnvQueryManager (000001BE20638E00), frame # 9775
[2020.11.04-18.57.07:757][775]LogAISub: UAISubsystem::UAISubsystem AIPerceptionSystem (000001BE76CE4540), frame # 9775
[2020.11.04-18.57.07:757][775]LogPlayLevel: PIE: World Init took: (0.000757s)
[2020.11.04-18.57.07:757][775]LogPlayLevel: PIE: Created PIE world by copying editor world from /Game/GAD03/Maps/BossTestMap.BossTestMap to /Game/GAD03/Maps/UEDPIE_0_BossTestMap.BossTestMap (0.003323s)
[2020.11.04-18.57.07:771][775]LogUObjectHash: Compacting FUObjectHashTables data took   1.14ms
[2020.11.04-18.57.07:772][775]LogAudioMixer: Display: Audio Mixer Platform Settings:
[2020.11.04-18.57.07:772][775]LogAudioMixer: Display: 	Sample Rate:						  48000
[2020.11.04-18.57.07:772][775]LogAudioMixer: Display: 	Callback Buffer Frame Size Requested: 1024
[2020.11.04-18.57.07:772][775]LogAudioMixer: Display: 	Callback Buffer Frame Size To Use:	  1024
[2020.11.04-18.57.07:772][775]LogAudioMixer: Display: 	Number of buffers to queue:			  2
[2020.11.04-18.57.07:772][775]LogAudioMixer: Display: 	Max Channels (voices):				  32
[2020.11.04-18.57.07:772][775]LogAudioMixer: Display: 	Number of Async Source Workers:		  0
[2020.11.04-18.57.07:772][775]LogAudio: Display: AudioDevice MaxSources: 32
[2020.11.04-18.57.07:773][775]LogAudio: Display: Using built-in audio occlusion.
[2020.11.04-18.57.07:773][775]LogAudioMixer: Display: Initializing audio mixer.
[2020.11.04-18.57.07:777][775]LogAudioMixer: Display: 0: FrontLeft
[2020.11.04-18.57.07:777][775]LogAudioMixer: Display: 1: FrontRight
[2020.11.04-18.57.07:777][775]LogAudioMixer: Display: 2: FrontCenter
[2020.11.04-18.57.07:777][775]LogAudioMixer: Display: 3: LowFrequency
[2020.11.04-18.57.07:777][775]LogAudioMixer: Display: 4: BackLeft
[2020.11.04-18.57.07:777][775]LogAudioMixer: Display: 5: BackRight
[2020.11.04-18.57.07:777][775]LogAudioMixer: Display: 6: SideLeft
[2020.11.04-18.57.07:777][775]LogAudioMixer: Display: 7: SideRight
[2020.11.04-18.57.07:796][775]LogAudioMixer: Display: Using Audio Device Høyttalere (Logitech PRO X Gaming Headset)
[2020.11.04-18.57.07:796][775]LogAudioMixer: Display: Initializing Sound Submixes...
[2020.11.04-18.57.07:796][775]LogAudioMixer: Display: Creating Master Submix 'MasterSubmixDefault'
[2020.11.04-18.57.07:796][775]LogAudioMixer: Display: Creating Master Submix 'MasterReverbSubmixDefault'
[2020.11.04-18.57.07:796][775]LogAudioMixer: Display: Creating Master Submix 'MasterEQSubmixDefault'
[2020.11.04-18.57.07:797][775]LogInit: FAudioDevice initialized.
[2020.11.04-18.57.07:812][775]LogLoad: Game class is 'ThirdPersonGameMode_C'
[2020.11.04-18.57.07:814][775]LogWorld: Bringing World /Game/GAD03/Maps/UEDPIE_0_BossTestMap.BossTestMap up for play (max tick rate 0) at 2020.11.04-19.57.07
[2020.11.04-18.57.07:814][775]LogWorld: Bringing up level for play took: 0.001072
[2020.11.04-18.57.07:814][775]LogOnline: OSS: Creating online subsystem instance for: :Context_4
[2020.11.04-18.57.07:817][775]LogContentBrowser: Native class hierarchy updated for 'MovieSceneCapture' in 0.0003 seconds. Added 20 classes and 0 folders.
[2020.11.04-18.57.07:819][775]PIE: Server logged in
[2020.11.04-18.57.07:820][775]PIE: Play in editor total start time 0.068 seconds.
[2020.11.04-18.57.09:100][897]LogBlueprintUserMessages: [BossCharacterBP_2] Hello
[2020.11.04-18.57.10:099][ 17]LogBlueprintUserMessages: [BossCharacterBP_2] Hello
[2020.11.04-18.57.11:100][137]LogBlueprintUserMessages: [BossCharacterBP_2] Hello
[2020.11.04-18.57.12:100][257]LogBlueprintUserMessages: [BossCharacterBP_2] Hello
[2020.11.04-18.57.13:100][377]LogBlueprintUserMessages: [BossCharacterBP_2] Hello
[2020.11.04-18.57.14:100][497]LogBlueprintUserMessages: [BossCharacterBP_2] Hello
[2020.11.04-18.57.15:100][617]LogBlueprintUserMessages: [BossCharacterBP_2] Hello
[2020.11.04-18.57.16:100][737]LogBlueprintUserMessages: [BossCharacterBP_2] Hello
[2020.11.04-18.57.17:101][857]LogBlueprintUserMessages: [BossCharacterBP_2] Hello
[2020.11.04-18.57.18:101][977]LogBlueprintUserMessages: [BossCharacterBP_2] Hello
[2020.11.04-18.57.19:101][ 97]LogBlueprintUserMessages: [BossCharacterBP_2] Hello
[2020.11.04-18.57.20:100][217]LogBlueprintUserMessages: [BossCharacterBP_2] Hello
[2020.11.04-18.57.21:101][337]LogBlueprintUserMessages: [BossCharacterBP_2] Hello
[2020.11.04-18.57.22:100][457]LogBlueprintUserMessages: [BossCharacterBP_2] Hello
[2020.11.04-18.57.23:100][577]LogBlueprintUserMessages: [BossCharacterBP_2] Hello
[2020.11.04-18.57.24:100][697]LogBlueprintUserMessages: [BossCharacterBP_2] Hello
[2020.11.04-18.57.25:101][817]LogBlueprintUserMessages: [BossCharacterBP_2] Hello
[2020.11.04-18.57.26:100][937]LogBlueprintUserMessages: [BossCharacterBP_2] Hello
[2020.11.04-18.57.27:100][ 57]LogBlueprintUserMessages: [BossCharacterBP_2] Hello
[2020.11.04-18.57.28:101][177]LogBlueprintUserMessages: [BossCharacterBP_2] Hello
[2020.11.04-18.57.29:102][297]LogBlueprintUserMessages: [BossCharacterBP_2] Hello
[2020.11.04-18.57.30:101][417]LogBlueprintUserMessages: [BossCharacterBP_2] Hello
[2020.11.04-18.57.31:101][537]LogBlueprintUserMessages: [BossCharacterBP_2] Hello
[2020.11.04-18.57.32:101][657]LogBlueprintUserMessages: [BossCharacterBP_2] Hello
[2020.11.04-18.57.33:101][777]LogBlueprintUserMessages: [BossCharacterBP_2] Hello
[2020.11.04-18.57.34:101][897]LogBlueprintUserMessages: [BossCharacterBP_2] Hello
[2020.11.04-18.57.35:103][ 17]LogBlueprintUserMessages: [BossCharacterBP_2] Hello
[2020.11.04-18.57.36:101][137]LogBlueprintUserMessages: [BossCharacterBP_2] Hello
[2020.11.04-18.57.37:100][257]LogBlueprintUserMessages: [BossCharacterBP_2] Hello
[2020.11.04-18.57.38:101][377]LogBlueprintUserMessages: [BossCharacterBP_2] Hello
[2020.11.04-18.57.38:881][465]LogSlate: Updating window title bar state: overlay mode, drag disabled, window buttons hidden, title bar hidden
[2020.11.04-18.57.38:881][465]LogWorld: BeginTearingDown for /Game/GAD03/Maps/UEDPIE_0_BossTestMap
[2020.11.04-18.57.38:881][465]LogWorld: UWorld::CleanupWorld for BossTestMap, bSessionEnded=true, bCleanupResources=true
[2020.11.04-18.57.38:881][465]LogSlate: InvalidateAllWidgets triggered.  All widgets were invalidated
[2020.11.04-18.57.38:892][465]LogPlayLevel: Display: Shutting down PIE online subsystems
[2020.11.04-18.57.38:895][465]LogSlate: InvalidateAllWidgets triggered.  All widgets were invalidated
[2020.11.04-18.57.38:921][465]LogSlate: Updating window title bar state: overlay mode, drag disabled, window buttons hidden, title bar hidden
[2020.11.04-18.57.38:934][465]LogAISub: UAISubsystem::~UAISubsystem AIPerceptionSystem (000001BE76CE4540), frame # 13465
[2020.11.04-18.57.38:934][465]LogAISub: UAISubsystem::~UAISubsystem EnvQueryManager (000001BE20638E00), frame # 13465
[2020.11.04-18.57.38:961][465]LogUObjectHash: Compacting FUObjectHashTables data took   2.69ms
[2020.11.04-18.57.38:998][466]LogPlayLevel: Display: Destroying online subsystem :Context_4
